Exception in thread Thread-2:
Traceback (most recent call last):
  File "C:\Users\Giogina\AppData\Local\Programs\SPECTR~1\threading.py", line 926, in _bootstrap_inner
  File "C:\Users\Giogina\AppData\Local\Programs\SPECTR~1\threading.py", line 870, in run
  File "C:\Users\Giogina\AppData\Local\Programs\SPECTR~1\utility\async_manager.py", line 30, in _start_loop_in_thread
  File "C:\Users\Giogina\AppData\Local\Programs\SPECTR~1\asyncio\base_events.py", line 587, in run_until_complete
  File "C:\Users\Giogina\AppData\Local\Programs\SPECTR~1\utility\async_manager.py", line 41, in _run_tasks
  File "C:\Users\Giogina\AppData\Local\Programs\SPECTR~1\utility\async_manager.py", line 72, in notify_observers
  File "C:\Users\Giogina\AppData\Local\Programs\SPECTR~1\models\data_file_manager.py", line 295, in update
  File "C:\Users\Giogina\AppData\Local\Programs\SPECTR~1\models\state.py", line 241, in assimilate_file_data
  File "C:\Users\Giogina\AppData\Local\Programs\SPECTR~1\models\state.py", line 118, in check
  File "C:\Users\Giogina\AppData\Local\Programs\SPECTR~1\models\state.py", line 71, in _notify_observers
  File "C:\Users\Giogina\AppData\Local\Programs\SPECTR~1\viewmodels\plots_overview_viewmodel.py", line 66, in update
  File "C:\Users\Giogina\AppData\Local\Programs\SPECTR~1\viewmodels\plots_overview_viewmodel.py", line 124, in _extract_state
  File "C:\Users\Giogina\AppData\Local\Programs\SPECTR~1\models\state_plot.py", line 29, in __init__
ValueError: max() arg is an empty sequence

Load settings
Attempting to read C:\Users\Giogina\AppData\Roaming\SpectraMatcher\config\settings.json...
Asyncmanager started!
Initiating async manager!
Updating exp data: []
file: C:/Users/Giogina/SpectraMatcher/naph.spm, exsits=True
Loaded project data: {'name': 'naph', 'open data folders': ['D:\\Documents\\naphthalene'], 'open data files': ['C:\\Users\\Giogina\\Documents\\ovalene\\experiment\\ovalene_EX_exp.txt'], 'ignored': ['file_D:\\Documents\\naphthalene\\napthaleneFC - Copy.log_0'], 'files marked as emission': [], 'files marked as excitation': [], 'experiment settings': [{'path': 'C:\\Users\\Giogina\\Documents\\ovalene\\experiment\\ovalene_EX_exp.txt', 'chosen peaks': [], 'removed peaks': [], 'intensity column': 2, 'relative wavenumber column': 0, 'absolute wavenumber column': 1}], 'ground state path': 'D:\\Documents\\naphthalene\\naphtalene-ground-opt-freq.log', 'State class info': {'molecule': 'C₁₀H₉', 'ground state energy': -84811449}, 'state settings': [{'color': [22.949999999999996, 229.5, 229.5], 'excitation file': 'D:\\Documents\\naphthalene\\napthaleneFC.log', 'freq file': 'D:\\Documents\\naphthalene\\1-c10h9-b3-s1-freq.log', 'emission file': 'D:\\Documents\\naphthalene\\napthaleneFC - Copy.log', 'y shift emission': 1.25}], 'directory toggle states': {}, 'progress': 'start', 'wavenumber correction factors': {'true': {'bends': 0.986, 'H stretches': 0.975, 'others': 0.996}, 'false': {'bends': 0.986, 'H stretches': 0.975, 'others': 0.996}}, 'label settings': {'true': {'show labels': False, 'show gaussian labels': False, 'peak intensity label threshold': 0.1, 'stick label relative threshold': 0.1, 'stick label absolute threshold': 0.1, 'peak separation threshold': 0.8, 'label font size': 18, 'axis font size': 18, 'peak intensity match threshold': 0.03, 'distance match threshold': 30, 'global y shifts': 1.25, 'show sticks': False}, 'false': {'show labels': False, 'show gaussian labels': False, 'peak intensity label threshold': 0.1, 'stick label relative threshold': 0.1, 'stick label absolute threshold': 0.1, 'peak separation threshold': 0.8, 'label font size': 18, 'axis font size': 18, 'peak intensity match threshold': 0.03, 'distance match threshold': 30, 'global y shifts': 1.8930000066757202, 'show sticks': False}}, 'peak detection settings': {'true': {'peak prominence threshold': 0.05, 'peak width threshold': 10}, 'false': {'peak prominence threshold': 0.05, 'peak width threshold': 10}}, 'matcher settings': {'true': {'peak intensity match threshold': 0.03, 'distance match threshold': 30, 'match active': False, 'combo spectrum y shift': 1.25, 'show composite spectrum': True, 'show component spectra': True, 'show shade spectra': False, 'show stick spectra': False, 'assign only labeled': False, 'list only labeled transitions': False}, 'false': {'peak intensity match threshold': 0.03, 'distance match threshold': 30, 'match active': False, 'combo spectrum y shift': 1.25, 'show composite spectrum': True, 'show component spectra': True, 'show shade spectra': False, 'show stick spectra': False, 'assign only labeled': False, 'list only labeled transitions': False}}, 'experimental spectra': {}, 'active excitation plotter': [10.0, -1215, 6509, 1]}
Reading File D:\Documents\naphthalene\naphtalene-ground-opt-freq.log, state state 1731393261.1100001 0
Parsing exp file: C:\Users\Giogina\Documents\ovalene\experiment\ovalene_EX_exp.txt
Updating exp data: [{'path': 'C:\\Users\\Giogina\\Documents\\ovalene\\experiment\\ovalene_EX_exp.txt', 'chosen peaks': [], 'removed peaks': [], 'intensity column': 2, 'relative wavenumber column': 0, 'absolute wavenumber column': 1}]
Setting active plotter: Excitation, (10.0, -1215, 6509, 1)
Reading File D:\Documents\naphthalene\1-c10h9-b3-s1-freq.log, state state 1731393261.14 1
Reading File D:\Documents\naphthalene\napthaleneFC - Copy.log, state state 1731393261.14 1
Reading File D:\Documents\naphthalene\napthaleneFC.log, state state 1731393261.14 1
Project data key active emission plotter not found, using defaults.
Setting active plotter: Excitation, (10.0, -1215, 6509, 1)
Opening: (['D:\\Documents\\naphthalene'], ['C:\\Users\\Giogina\\Documents\\ovalene\\experiment\\ovalene_EX_exp.txt'])
Added directory: dir_D:\Documents\naphthalene_0
['AG', 'B1G', 'B2G', 'B3G', 'AU', 'B1U', 'B2U', 'B3U']
Added extra IR: A
assimilate data: True
Error in self-check of Ground state:
Neither excitation nor emission spectrum found.
assimilate data: True
assimilate data: True
Empty xdata!
Empty ydata!
Error in self-check of Ground state:
Neither excitation nor emission spectrum found.
Viewport is closing. Exiting application.
project save inquiry dialog....
