Load settings
Attempting to readC:\Users\Giogina\AppData\Roaming\SpectraMatcher\config\settings.json...
Asyncmanager started!
Initiating async manager!
Updating exp data: []
file: C:/Users/Giogina/SpectraMatcher/Ovalene 2.spm, exsits=True
Loaded project data: {'name': 'Ovalene 2', 'open data folders': ['C:\\Users\\Giogina\\Documents\\ovalene'], 'ignored': ['dir_C:\\Users\\Giogina\\Documents\\ovalene\\ignore_1', 'file_C:\\Users\\Giogina\\Documents\\ovalene\\ignore\\ovalene_EX_exp_1400-3050 (2).txt_2', 'file_C:\\Users\\Giogina\\Documents\\ovalene\\ignore\\ovalene_EX_exp_1400-3050.txt_2', 'file_C:\\Users\\Giogina\\Documents\\ovalene\\ignore\\settings_emission.yaml_2', 'file_C:\\Users\\Giogina\\Documents\\ovalene\\ignore\\settings_excitation (2).yaml_2', 'file_C:\\Users\\Giogina\\Documents\\ovalene\\ignore\\settings_excitation (3).yaml_2', 'file_C:\\Users\\Giogina\\Documents\\ovalene\\ignore\\settings_excitation.yaml_2'], 'files marked as emission': [], 'files marked as excitation': [], 'experiment settings': [{'path': 'C:\\Users\\Giogina\\Documents\\ovalene\\experiment\\ovalene_DF_exp.txt', 'chosen peaks': [], 'removed peaks': [], 'intensity column': 3, 'relative wavenumber column': 0, 'absolute wavenumber column': 1}, {'path': 'C:\\Users\\Giogina\\Documents\\ovalene\\experiment\\ovalene_EX_exp.txt', 'chosen peaks': [], 'removed peaks': [], 'intensity column': 2, 'relative wavenumber column': 0, 'absolute wavenumber column': 1}], 'ground state path': 'C:\\Users\\Giogina\\Documents\\ovalene\\ground state\\ovalene-ground-opt-freq-disp.log', 'State class info': {'molecule': 'C₃₂H₁₄', 'ground state energy': -269539068}, 'state settings': [{'color': [229.5, 199.99285714285716, 22.949999999999996], 'excitation file': 'C:\\Users\\Giogina\\Documents\\ovalene\\1st excited\\FCHT\\FCHT.log', 'emission file': 'C:\\Users\\Giogina\\Documents\\ovalene\\1st excited\\FCHT emission\\FCHT.log', 'freq file': 'C:\\Users\\Giogina\\Documents\\ovalene\\1st excited\\ovalene-excited-opt-freq-disp.log', 'y shift emission': 1.25, 'matched emission': False, 'y shift excitation': 1.25, 'matched excitation': False}, {'color': [81.96428571428574, 229.5, 22.949999999999996], 'excitation file': 'C:\\Users\\Giogina\\Documents\\ovalene\\2nd excited\\FCHT\\FCHT.log', 'emission file': 'C:\\Users\\Giogina\\Documents\\ovalene\\2nd excited\\FCHT emission\\FCHT.log', 'freq file': 'C:\\Users\\Giogina\\Documents\\ovalene\\2nd excited\\ovalene-excited-2-opt-freq-disp.log', 'y shift emission': 2.5, 'matched emission': False, 'y shift excitation': 2.5, 'matched excitation': False}, {'color': [22.949999999999996, 229.5, 140.9785714285714], 'excitation file': 'C:\\Users\\Giogina\\Documents\\ovalene\\3rd excited\\FCHT\\FCHT.log', 'emission file': 'C:\\Users\\Giogina\\Documents\\ovalene\\3rd excited\\FCHT emission\\FCHT.log', 'freq file': 'C:\\Users\\Giogina\\Documents\\ovalene\\3rd excited\\ovalene-excited-3-opt-freq-disp.log', 'y shift emission': 3.75, 'matched emission': False, 'y shift excitation': 3.75, 'matched excitation': False}, {'color': [22.949999999999996, 140.97857142857148, 229.5], 'excitation file': 'C:\\Users\\Giogina\\Documents\\ovalene\\4th excited\\FCHT\\FCHT.log', 'emission file': 'C:\\Users\\Giogina\\Documents\\ovalene\\4th excited\\FCHT emission\\FCHT.log', 'freq file': 'C:\\Users\\Giogina\\Documents\\ovalene\\4th excited\\ovalene-excited-4-opt-freq-disp.log', 'y shift emission': 5.0, 'matched emission': False, 'y shift excitation': 5.0, 'matched excitation': False}, {'color': [81.96428571428568, 22.949999999999996, 229.5], 'excitation file': 'C:\\Users\\Giogina\\Documents\\ovalene\\5th excited\\FCHT\\FCHT.log', 'emission file': 'C:\\Users\\Giogina\\Documents\\ovalene\\5th excited\\FCHT emission\\FCHT.log', 'freq file': 'C:\\Users\\Giogina\\Documents\\ovalene\\5th excited\\ovalene-excited-5-opt-freq-disp.log', 'y shift emission': 6.25, 'matched emission': False, 'y shift excitation': 6.25, 'matched excitation': False}, {'color': [229.5, 22.949999999999996, 199.99285714285725], 'excitation file': 'C:\\Users\\Giogina\\Documents\\ovalene\\6th excited\\FCHT\\FCHT.log', 'emission file': 'C:\\Users\\Giogina\\Documents\\ovalene\\6th excited\\FCHT emission\\FCHT.log', 'freq file': 'C:\\Users\\Giogina\\Documents\\ovalene\\6th excited\\ovalene-excited-6-freq-disp.log', 'y shift emission': 7.5, 'matched emission': False, 'y shift excitation': 7.5, 'matched excitation': False}], 'directory toggle states': {'dir_C:\\Users\\Giogina\\Documents\\ovalene\\ignore_1': False}, 'progress': 'import done', 'wavenumber correction factors': {'true': {'bends': 0.986, 'H stretches': 0.975, 'others': 0.996}, 'false': {'bends': 0.986, 'H stretches': 0.975, 'others': 0.996}}, 'label settings': {'true': {'show labels': True, 'show gaussian labels': False, 'peak intensity label threshold': 0.014000000432133675, 'stick label relative threshold': 0.1, 'stick label absolute threshold': 0.010999999940395355, 'peak separation threshold': 0.8, 'label font size': 18, 'axis font size': 18, 'peak intensity match threshold': 0.03, 'distance match threshold': 30, 'global y shifts': 1.25, 'show sticks': True}, 'false': {'show labels': False, 'show gaussian labels': False, 'peak intensity label threshold': 0.1, 'stick label relative threshold': 0.1, 'stick label absolute threshold': 0.1, 'peak separation threshold': 0.8, 'label font size': 18, 'axis font size': 18, 'peak intensity match threshold': 0.03, 'distance match threshold': 30, 'global y shifts': 1.25, 'show sticks': False}}, 'peak detection settings': {'true': {'peak prominence threshold': 0.05, 'peak width threshold': 10}, 'false': {'peak prominence threshold': 0.05, 'peak width threshold': 10}}, 'matcher settings': {'true': {'peak intensity match threshold': 0.03, 'distance match threshold': 30, 'match active': False, 'combo spectrum y shift': 1.25, 'show composite spectrum': True, 'show component spectra': True, 'show shade spectra': False, 'show stick spectra': False, 'assign only labeled': False, 'list only labeled transitions': False}, 'false': {'peak intensity match threshold': 0.03, 'distance match threshold': 30, 'match active': False, 'combo spectrum y shift': 1.25, 'show composite spectrum': True, 'show component spectra': True, 'show shade spectra': False, 'show stick spectra': False, 'assign only labeled': False, 'list only labeled transitions': False}}, 'open data files': [], 'experimental spectra': {}, 'active emission plotter': [12.0, -1404, 8457, 1], 'active excitation plotter': [10.0, -1215, 6509, 1], 'IR order': ['?A', 'AG', 'B1G', 'B2G', 'B3G', 'AU', 'B1U', 'B2U', 'B3U', '?B', '?C', '?D', '?E', '?F', '?G', '?H', 'A']}
Reading File C:\Users\Giogina\Documents\ovalene\ground state\ovalene-ground-opt-freq-disp.log, state state 1730912992.1410086 0
Reading File C:\Users\Giogina\Documents\ovalene\1st excited\ovalene-excited-opt-freq-disp.log, state state 1730912992.1410086 1
Reading File C:\Users\Giogina\Documents\ovalene\1st excited\FCHT emission\FCHT.log, state state 1730912992.1410086 1
Reading File C:\Users\Giogina\Documents\ovalene\1st excited\FCHT\FCHT.log, state state 1730912992.1410086 1
Reading File C:\Users\Giogina\Documents\ovalene\2nd excited\ovalene-excited-2-opt-freq-disp.log, state state 1730912992.1566086 2
Reading File C:\Users\Giogina\Documents\ovalene\2nd excited\FCHT emission\FCHT.log, state state 1730912992.1566086 2
Reading File C:\Users\Giogina\Documents\ovalene\2nd excited\FCHT\FCHT.log, state state 1730912992.1566086 2
Reading File C:\Users\Giogina\Documents\ovalene\3rd excited\ovalene-excited-3-opt-freq-disp.log, state state 1730912992.1722085 3
Reading File C:\Users\Giogina\Documents\ovalene\3rd excited\FCHT emission\FCHT.log, state state 1730912992.1722085 3
Reading File C:\Users\Giogina\Documents\ovalene\3rd excited\FCHT\FCHT.log, state state 1730912992.1722085 3
Reading File C:\Users\Giogina\Documents\ovalene\4th excited\ovalene-excited-4-opt-freq-disp.log, state state 1730912992.1878085 4
Reading File C:\Users\Giogina\Documents\ovalene\4th excited\FCHT emission\FCHT.log, state state 1730912992.1878085 4
Reading File C:\Users\Giogina\Documents\ovalene\4th excited\FCHT\FCHT.log, state state 1730912992.1878085 4
Reading File C:\Users\Giogina\Documents\ovalene\5th excited\ovalene-excited-5-opt-freq-disp.log, state state 1730912992.1878085 5
Reading File C:\Users\Giogina\Documents\ovalene\5th excited\FCHT emission\FCHT.log, state state 1730912992.1878085 5
Reading File C:\Users\Giogina\Documents\ovalene\5th excited\FCHT\FCHT.log, state state 1730912992.1878085 5
Reading File C:\Users\Giogina\Documents\ovalene\6th excited\ovalene-excited-6-freq-disp.log, state state 1730912992.1878085 6
Reading File C:\Users\Giogina\Documents\ovalene\6th excited\FCHT emission\FCHT.log, state state 1730912992.1878085 6
Reading File C:\Users\Giogina\Documents\ovalene\6th excited\FCHT\FCHT.log, state state 1730912992.1878085 6
Setting active plotter: Emission, (12.0, -1404, 8457, 1)
Setting active plotter: Excitation, (10.0, -1215, 6509, 1)
Opening: (['C:\\Users\\Giogina\\Documents\\ovalene'], [])
Ignoring directory by path>: C:\Users\Giogina\Documents\ovalene\ignore
Added directory: dir_C:\Users\Giogina\Documents\ovalene_0
Parsing exp file: C:\Users\Giogina\Documents\ovalene\experiment\ovalene_DF_exp.txt
Updating exp data: [{'path': 'C:\\Users\\Giogina\\Documents\\ovalene\\experiment\\ovalene_DF_exp.txt', 'chosen peaks': [], 'removed peaks': [], 'intensity column': 3, 'relative wavenumber column': 0, 'absolute wavenumber column': 1}, {'path': 'C:\\Users\\Giogina\\Documents\\ovalene\\experiment\\ovalene_EX_exp.txt', 'chosen peaks': [], 'removed peaks': [], 'intensity column': 2, 'relative wavenumber column': 0, 'absolute wavenumber column': 1}]
Setting active plotter: Emission, (12.0, -1404, 8457, 1)
Parsing exp file: C:\Users\Giogina\Documents\ovalene\experiment\ovalene_EX_exp.txt
Updating exp data: [{'path': 'C:\\Users\\Giogina\\Documents\\ovalene\\experiment\\ovalene_DF_exp.txt', 'chosen peaks': [], 'removed peaks': [], 'intensity column': 3, 'relative wavenumber column': 0, 'absolute wavenumber column': 1}, {'path': 'C:\\Users\\Giogina\\Documents\\ovalene\\experiment\\ovalene_EX_exp.txt', 'chosen peaks': [], 'removed peaks': [], 'intensity column': 2, 'relative wavenumber column': 0, 'absolute wavenumber column': 1}]
Setting active plotter: Excitation, (10.0, -1215, 6509, 1)
assimilate data: False
assimilate data: False
assimilate data: False
assimilate data: False
assimilate data: False
assimilate data: False
assimilate data: False
assimilate data: False
assimilate data: False
assimilate data: False
Exception in custom series callback: result with error set from call
assimilate data: False
assimilate data: False
Exception in custom series callback: '4th excited state - True plot'
Exception in custom series callback: result with error set from call
Exception in custom series callback: result with error set from call
Exception in custom series callback: result with error set from call
assimilate data: False
assimilate data: False
assimilate data: False
Exception in custom series callback: result with error set from call
Exception in custom series callback: result with error set from call
Exception in custom series callback: result with error set from call
Exception in custom series callback: result with error set from call
assimilate data: False
assimilate data: False
assimilate data: False
assimilate data: False
Parsing exp file: C:\Users\Giogina\Documents\ovalene\experiment\ovalene_DF_exp.txt
Parsing exp file: C:\Users\Giogina\Documents\ovalene\experiment\ovalene_EX_exp.txt
Parsing exp file: C:\Users\Giogina\Documents\ovalene\ignore\ovalene_EX_exp_1400-3050 (2).txt
Parsing exp file: C:\Users\Giogina\Documents\ovalene\ignore\ovalene_EX_exp_1400-3050.txt
Parsing exp file: C:\Users\Giogina\Documents\ovalene\ovalene 2nd excited state excitation table.txt
Error parsing experimental file C:\Users\Giogina\Documents\ovalene\ovalene 2nd excited state excitation table.txt: Error tokenizing data. C error: Expected 29 fields in line 4, saw 33. Skipping this file.
Viewport is closing. Exiting application.
project save inquiry dialog....
