2024-02-15 01:56:03,495 - root - INFO - Started with flags: ['C:/Users/Giogina/SpectraMatcher/main.py', '-open', 'C:\\Users\\Giogina\\SpectraMatcher\\Ovalene Test.spm']
2024-02-15 01:56:03,505 - models.settings_manager - INFO - Attempting to read./config/settings.json...
2024-02-15 01:56:03,505 - models.settings_manager - INFO - Settings loaded. {'projectsPath': 'C:/Users/Giogina/SpectraMatcher', 'recentProjects': ['C:/Users/Giogina/SpectraMatcher/Ovalene Test.spm', 'C:/Users/Giogina/SpectraMatcher/test2.spm', 'C:/Users/Giogina/SpectraMatcher/untitled(4).spm', 'C:/Users/Giogina/SpectraMatcher/untitled(2).spm', 'C:/Users/Giogina/SpectraMatcher/TEST.spm', 'C:/Users/Giogina/SpectraMatcher/untitled(3).spm'], 'autoSaveInterval': 60, 'shortcuts': {(16, 17, 79): 'Open', (17, 83): 'Save', (16, 17, 83): 'Save as'}}
2024-02-15 01:56:04,075 - models.project - INFO - file: C:\Users\Giogina\SpectraMatcher\Ovalene Test.spm, exsits=True
2024-02-15 02:05:19,344 - root - INFO - Started with flags: ['C:/Users/Giogina/SpectraMatcher/main.py', '-open', 'C:\\Users\\Giogina\\SpectraMatcher\\Ovalene Test.spm']
2024-02-15 02:05:19,344 - models.settings_manager - INFO - Attempting to read./config/settings.json...
2024-02-15 02:05:19,344 - models.settings_manager - INFO - Settings loaded. {'projectsPath': 'C:/Users/Giogina/SpectraMatcher', 'recentProjects': ['C:/Users/Giogina/SpectraMatcher/Ovalene Test.spm', 'C:/Users/Giogina/SpectraMatcher/test2.spm', 'C:/Users/Giogina/SpectraMatcher/untitled(4).spm', 'C:/Users/Giogina/SpectraMatcher/untitled(2).spm', 'C:/Users/Giogina/SpectraMatcher/TEST.spm', 'C:/Users/Giogina/SpectraMatcher/untitled(3).spm'], 'autoSaveInterval': 60, 'shortcuts': {(16, 17, 79): 'Open', (17, 83): 'Save', (16, 17, 83): 'Save as'}}
2024-02-15 02:05:19,824 - models.project - INFO - file: C:\Users\Giogina\SpectraMatcher\Ovalene Test.spm, exsits=True
2024-02-15 02:06:08,697 - root - INFO - Started with flags: ['C:/Users/Giogina/SpectraMatcher/main.py', '-open', 'C:\\Users\\Giogina\\SpectraMatcher\\Ovalene Test.spm']
2024-02-15 02:06:08,697 - models.settings_manager - INFO - Attempting to read./config/settings.json...
2024-02-15 02:06:08,697 - models.settings_manager - INFO - Settings loaded. {'projectsPath': 'C:/Users/Giogina/SpectraMatcher', 'recentProjects': ['C:/Users/Giogina/SpectraMatcher/Ovalene Test.spm', 'C:/Users/Giogina/SpectraMatcher/test2.spm', 'C:/Users/Giogina/SpectraMatcher/untitled(4).spm', 'C:/Users/Giogina/SpectraMatcher/untitled(2).spm', 'C:/Users/Giogina/SpectraMatcher/TEST.spm', 'C:/Users/Giogina/SpectraMatcher/untitled(3).spm'], 'autoSaveInterval': 60, 'shortcuts': {(16, 17, 79): 'Open', (17, 83): 'Save', (16, 17, 83): 'Save as'}}
2024-02-15 02:06:09,167 - models.project - INFO - file: C:\Users\Giogina\SpectraMatcher\Ovalene Test.spm, exsits=True
2024-02-15 02:11:39,257 - root - INFO - Started with flags: ['C:/Users/Giogina/SpectraMatcher/main.py', '-open', 'C:\\Users\\Giogina\\SpectraMatcher\\Ovalene Test.spm']
2024-02-15 02:11:39,257 - models.settings_manager - INFO - Attempting to read./config/settings.json...
2024-02-15 02:11:39,257 - models.settings_manager - INFO - Settings loaded. {'projectsPath': 'C:/Users/Giogina/SpectraMatcher', 'recentProjects': ['C:/Users/Giogina/SpectraMatcher/Ovalene Test.spm', 'C:/Users/Giogina/SpectraMatcher/test2.spm', 'C:/Users/Giogina/SpectraMatcher/untitled(4).spm', 'C:/Users/Giogina/SpectraMatcher/untitled(2).spm', 'C:/Users/Giogina/SpectraMatcher/TEST.spm', 'C:/Users/Giogina/SpectraMatcher/untitled(3).spm'], 'autoSaveInterval': 60, 'shortcuts': {(16, 17, 79): 'Open', (17, 83): 'Save', (16, 17, 83): 'Save as'}}
2024-02-15 02:11:39,737 - models.project - INFO - file: C:\Users\Giogina\SpectraMatcher\Ovalene Test.spm, exsits=True
2024-02-15 02:13:04,759 - root - INFO - Started with flags: ['C:/Users/Giogina/SpectraMatcher/main.py', '-open', 'C:\\Users\\Giogina\\SpectraMatcher\\Ovalene Test.spm']
2024-02-15 02:13:04,759 - models.settings_manager - INFO - Attempting to read./config/settings.json...
2024-02-15 02:13:04,759 - models.settings_manager - INFO - Settings loaded. {'projectsPath': 'C:/Users/Giogina/SpectraMatcher', 'recentProjects': ['C:/Users/Giogina/SpectraMatcher/Ovalene Test.spm', 'C:/Users/Giogina/SpectraMatcher/test2.spm', 'C:/Users/Giogina/SpectraMatcher/untitled(4).spm', 'C:/Users/Giogina/SpectraMatcher/untitled(2).spm', 'C:/Users/Giogina/SpectraMatcher/TEST.spm', 'C:/Users/Giogina/SpectraMatcher/untitled(3).spm'], 'autoSaveInterval': 60, 'shortcuts': {(16, 17, 79): 'Open', (17, 83): 'Save', (16, 17, 83): 'Save as'}}
2024-02-15 02:13:05,229 - models.project - INFO - file: C:\Users\Giogina\SpectraMatcher\Ovalene Test.spm, exsits=True
2024-02-15 02:15:05,650 - root - INFO - Started with flags: ['C:/Users/Giogina/SpectraMatcher/main.py', '-open', 'C:\\Users\\Giogina\\SpectraMatcher\\Ovalene Test.spm']
2024-02-15 02:15:05,650 - models.settings_manager - INFO - Attempting to read./config/settings.json...
2024-02-15 02:15:05,650 - models.settings_manager - INFO - Settings loaded. {'projectsPath': 'C:/Users/Giogina/SpectraMatcher', 'recentProjects': ['C:/Users/Giogina/SpectraMatcher/Ovalene Test.spm', 'C:/Users/Giogina/SpectraMatcher/test2.spm', 'C:/Users/Giogina/SpectraMatcher/untitled(4).spm', 'C:/Users/Giogina/SpectraMatcher/untitled(2).spm', 'C:/Users/Giogina/SpectraMatcher/TEST.spm', 'C:/Users/Giogina/SpectraMatcher/untitled(3).spm'], 'autoSaveInterval': 60, 'shortcuts': {(16, 17, 79): 'Open', (17, 83): 'Save', (16, 17, 83): 'Save as'}}
2024-02-15 02:15:06,110 - models.project - INFO - file: C:\Users\Giogina\SpectraMatcher\Ovalene Test.spm, exsits=True
2024-02-15 02:17:03,931 - root - INFO - Started with flags: ['C:/Users/Giogina/SpectraMatcher/main.py', '-open', 'C:\\Users\\Giogina\\SpectraMatcher\\Ovalene Test.spm']
2024-02-15 02:17:03,931 - models.settings_manager - INFO - Attempting to read./config/settings.json...
2024-02-15 02:17:03,931 - models.settings_manager - INFO - Settings loaded. {'projectsPath': 'C:/Users/Giogina/SpectraMatcher', 'recentProjects': ['C:/Users/Giogina/SpectraMatcher/Ovalene Test.spm', 'C:/Users/Giogina/SpectraMatcher/test2.spm', 'C:/Users/Giogina/SpectraMatcher/untitled(4).spm', 'C:/Users/Giogina/SpectraMatcher/untitled(2).spm', 'C:/Users/Giogina/SpectraMatcher/TEST.spm', 'C:/Users/Giogina/SpectraMatcher/untitled(3).spm'], 'autoSaveInterval': 60, 'shortcuts': {(16, 17, 79): 'Open', (17, 83): 'Save', (16, 17, 83): 'Save as'}}
2024-02-15 02:17:04,401 - models.project - INFO - file: C:\Users\Giogina\SpectraMatcher\Ovalene Test.spm, exsits=True
2024-02-15 02:17:26,882 - root - INFO - Started with flags: ['C:/Users/Giogina/SpectraMatcher/main.py', '-open', 'C:\\Users\\Giogina\\SpectraMatcher\\Ovalene Test.spm']
2024-02-15 02:17:26,882 - models.settings_manager - INFO - Attempting to read./config/settings.json...
2024-02-15 02:17:26,882 - models.settings_manager - INFO - Settings loaded. {'projectsPath': 'C:/Users/Giogina/SpectraMatcher', 'recentProjects': ['C:/Users/Giogina/SpectraMatcher/Ovalene Test.spm', 'C:/Users/Giogina/SpectraMatcher/test2.spm', 'C:/Users/Giogina/SpectraMatcher/untitled(4).spm', 'C:/Users/Giogina/SpectraMatcher/untitled(2).spm', 'C:/Users/Giogina/SpectraMatcher/TEST.spm', 'C:/Users/Giogina/SpectraMatcher/untitled(3).spm'], 'autoSaveInterval': 60, 'shortcuts': {(16, 17, 79): 'Open', (17, 83): 'Save', (16, 17, 83): 'Save as'}}
2024-02-15 02:17:27,342 - models.project - INFO - file: C:\Users\Giogina\SpectraMatcher\Ovalene Test.spm, exsits=True
2024-02-15 02:18:30,950 - root - INFO - Started with flags: ['C:/Users/Giogina/SpectraMatcher/main.py', '-open', 'C:\\Users\\Giogina\\SpectraMatcher\\Ovalene Test.spm']
2024-02-15 02:18:30,950 - models.settings_manager - INFO - Attempting to read./config/settings.json...
2024-02-15 02:18:30,950 - models.settings_manager - INFO - Settings loaded. {'projectsPath': 'C:/Users/Giogina/SpectraMatcher', 'recentProjects': ['C:/Users/Giogina/SpectraMatcher/Ovalene Test.spm', 'C:/Users/Giogina/SpectraMatcher/test2.spm', 'C:/Users/Giogina/SpectraMatcher/untitled(4).spm', 'C:/Users/Giogina/SpectraMatcher/untitled(2).spm', 'C:/Users/Giogina/SpectraMatcher/TEST.spm', 'C:/Users/Giogina/SpectraMatcher/untitled(3).spm'], 'autoSaveInterval': 60, 'shortcuts': {(16, 17, 79): 'Open', (17, 83): 'Save', (16, 17, 83): 'Save as'}}
2024-02-15 02:18:31,397 - models.project - INFO - file: C:\Users\Giogina\SpectraMatcher\Ovalene Test.spm, exsits=True
2024-02-15 02:22:27,194 - root - INFO - Started with flags: ['C:/Users/Giogina/SpectraMatcher/main.py', '-open', 'C:\\Users\\Giogina\\SpectraMatcher\\Ovalene Test.spm']
2024-02-15 02:22:27,194 - models.settings_manager - INFO - Attempting to read./config/settings.json...
2024-02-15 02:22:27,194 - models.settings_manager - INFO - Settings loaded. {'projectsPath': 'C:/Users/Giogina/SpectraMatcher', 'recentProjects': ['C:/Users/Giogina/SpectraMatcher/Ovalene Test.spm', 'C:/Users/Giogina/SpectraMatcher/test2.spm', 'C:/Users/Giogina/SpectraMatcher/untitled(4).spm', 'C:/Users/Giogina/SpectraMatcher/untitled(2).spm', 'C:/Users/Giogina/SpectraMatcher/TEST.spm', 'C:/Users/Giogina/SpectraMatcher/untitled(3).spm'], 'autoSaveInterval': 60, 'shortcuts': {(16, 17, 79): 'Open', (17, 83): 'Save', (16, 17, 83): 'Save as'}}
2024-02-15 02:22:27,654 - models.project - INFO - file: C:\Users\Giogina\SpectraMatcher\Ovalene Test.spm, exsits=True
2024-02-15 02:36:30,927 - root - INFO - Started with flags: ['C:/Users/Giogina/SpectraMatcher/main.py', '-open', 'C:\\Users\\Giogina\\SpectraMatcher\\Ovalene Test.spm']
2024-02-15 02:36:30,927 - models.settings_manager - INFO - Attempting to read./config/settings.json...
2024-02-15 02:36:30,927 - models.settings_manager - INFO - Settings loaded. {'projectsPath': 'C:/Users/Giogina/SpectraMatcher', 'recentProjects': ['C:/Users/Giogina/SpectraMatcher/Ovalene Test.spm', 'C:/Users/Giogina/SpectraMatcher/test2.spm', 'C:/Users/Giogina/SpectraMatcher/untitled(4).spm', 'C:/Users/Giogina/SpectraMatcher/untitled(2).spm', 'C:/Users/Giogina/SpectraMatcher/TEST.spm', 'C:/Users/Giogina/SpectraMatcher/untitled(3).spm'], 'autoSaveInterval': 60, 'shortcuts': {(16, 17, 79): 'Open', (17, 83): 'Save', (16, 17, 83): 'Save as'}}
2024-02-15 02:36:31,417 - models.project - INFO - file: C:\Users\Giogina\SpectraMatcher\Ovalene Test.spm, exsits=True
2024-02-15 02:40:08,843 - root - INFO - Started with flags: ['C:/Users/Giogina/SpectraMatcher/main.py', '-open', 'C:\\Users\\Giogina\\SpectraMatcher\\Ovalene Test.spm']
2024-02-15 02:40:08,843 - models.settings_manager - INFO - Attempting to read./config/settings.json...
2024-02-15 02:40:08,843 - models.settings_manager - INFO - Settings loaded. {'projectsPath': 'C:/Users/Giogina/SpectraMatcher', 'recentProjects': ['C:/Users/Giogina/SpectraMatcher/Ovalene Test.spm', 'C:/Users/Giogina/SpectraMatcher/test2.spm', 'C:/Users/Giogina/SpectraMatcher/untitled(4).spm', 'C:/Users/Giogina/SpectraMatcher/untitled(2).spm', 'C:/Users/Giogina/SpectraMatcher/TEST.spm', 'C:/Users/Giogina/SpectraMatcher/untitled(3).spm'], 'autoSaveInterval': 60, 'shortcuts': {(16, 17, 79): 'Open', (17, 83): 'Save', (16, 17, 83): 'Save as'}}
2024-02-15 02:40:09,313 - models.project - INFO - file: C:\Users\Giogina\SpectraMatcher\Ovalene Test.spm, exsits=True
2024-02-15 02:44:54,210 - root - INFO - Started with flags: ['C:/Users/Giogina/SpectraMatcher/main.py', '-open', 'C:\\Users\\Giogina\\SpectraMatcher\\Ovalene Test.spm']
2024-02-15 02:44:54,210 - models.settings_manager - INFO - Attempting to read./config/settings.json...
2024-02-15 02:44:54,210 - models.settings_manager - INFO - Settings loaded. {'projectsPath': 'C:/Users/Giogina/SpectraMatcher', 'recentProjects': ['C:/Users/Giogina/SpectraMatcher/Ovalene Test.spm', 'C:/Users/Giogina/SpectraMatcher/test2.spm', 'C:/Users/Giogina/SpectraMatcher/untitled(4).spm', 'C:/Users/Giogina/SpectraMatcher/untitled(2).spm', 'C:/Users/Giogina/SpectraMatcher/TEST.spm', 'C:/Users/Giogina/SpectraMatcher/untitled(3).spm'], 'autoSaveInterval': 60, 'shortcuts': {(16, 17, 79): 'Open', (17, 83): 'Save', (16, 17, 83): 'Save as'}}
2024-02-15 02:44:54,670 - models.project - INFO - file: C:\Users\Giogina\SpectraMatcher\Ovalene Test.spm, exsits=True
2024-02-15 02:50:08,026 - root - INFO - Started with flags: ['C:/Users/Giogina/SpectraMatcher/main.py', '-open', 'C:\\Users\\Giogina\\SpectraMatcher\\Ovalene Test.spm']
2024-02-15 02:50:08,026 - models.settings_manager - INFO - Attempting to read./config/settings.json...
2024-02-15 02:50:08,026 - models.settings_manager - INFO - Settings loaded. {'projectsPath': 'C:/Users/Giogina/SpectraMatcher', 'recentProjects': ['C:/Users/Giogina/SpectraMatcher/Ovalene Test.spm', 'C:/Users/Giogina/SpectraMatcher/test2.spm', 'C:/Users/Giogina/SpectraMatcher/untitled(4).spm', 'C:/Users/Giogina/SpectraMatcher/untitled(2).spm', 'C:/Users/Giogina/SpectraMatcher/TEST.spm', 'C:/Users/Giogina/SpectraMatcher/untitled(3).spm'], 'autoSaveInterval': 60, 'shortcuts': {(16, 17, 79): 'Open', (17, 83): 'Save', (16, 17, 83): 'Save as'}}
2024-02-15 02:51:01,500 - root - INFO - Started with flags: ['C:/Users/Giogina/SpectraMatcher/main.py', '-open', 'C:\\Users\\Giogina\\SpectraMatcher\\Ovalene Test.spm']
2024-02-15 02:51:01,500 - models.settings_manager - INFO - Attempting to read./config/settings.json...
2024-02-15 02:51:01,500 - models.settings_manager - INFO - Settings loaded. {'projectsPath': 'C:/Users/Giogina/SpectraMatcher', 'recentProjects': ['C:/Users/Giogina/SpectraMatcher/Ovalene Test.spm', 'C:/Users/Giogina/SpectraMatcher/test2.spm', 'C:/Users/Giogina/SpectraMatcher/untitled(4).spm', 'C:/Users/Giogina/SpectraMatcher/untitled(2).spm', 'C:/Users/Giogina/SpectraMatcher/TEST.spm', 'C:/Users/Giogina/SpectraMatcher/untitled(3).spm'], 'autoSaveInterval': 60, 'shortcuts': {(16, 17, 79): 'Open', (17, 83): 'Save', (16, 17, 83): 'Save as'}}
2024-02-15 02:53:10,359 - root - INFO - Started with flags: ['C:/Users/Giogina/SpectraMatcher/main.py', '-open', 'C:\\Users\\Giogina\\SpectraMatcher\\Ovalene Test.spm']
2024-02-15 02:53:10,369 - models.settings_manager - INFO - Attempting to read./config/settings.json...
2024-02-15 02:53:10,369 - models.settings_manager - INFO - Settings loaded. {'projectsPath': 'C:/Users/Giogina/SpectraMatcher', 'recentProjects': ['C:/Users/Giogina/SpectraMatcher/Ovalene Test.spm', 'C:/Users/Giogina/SpectraMatcher/test2.spm', 'C:/Users/Giogina/SpectraMatcher/untitled(4).spm', 'C:/Users/Giogina/SpectraMatcher/untitled(2).spm', 'C:/Users/Giogina/SpectraMatcher/TEST.spm', 'C:/Users/Giogina/SpectraMatcher/untitled(3).spm'], 'autoSaveInterval': 60, 'shortcuts': {(16, 17, 79): 'Open', (17, 83): 'Save', (16, 17, 83): 'Save as'}}
2024-02-15 02:53:10,809 - models.project - INFO - file: C:\Users\Giogina\SpectraMatcher\Ovalene Test.spm, exsits=True
2024-02-15 02:58:51,736 - root - INFO - Started with flags: ['C:/Users/Giogina/SpectraMatcher/main.py', '-open', 'C:\\Users\\Giogina\\SpectraMatcher\\Ovalene Test.spm']
2024-02-15 02:58:51,736 - models.settings_manager - INFO - Attempting to read./config/settings.json...
2024-02-15 02:58:51,736 - models.settings_manager - INFO - Settings loaded. {'projectsPath': 'C:/Users/Giogina/SpectraMatcher', 'recentProjects': ['C:/Users/Giogina/SpectraMatcher/Ovalene Test.spm', 'C:/Users/Giogina/SpectraMatcher/test2.spm', 'C:/Users/Giogina/SpectraMatcher/untitled(4).spm', 'C:/Users/Giogina/SpectraMatcher/untitled(2).spm', 'C:/Users/Giogina/SpectraMatcher/TEST.spm', 'C:/Users/Giogina/SpectraMatcher/untitled(3).spm'], 'autoSaveInterval': 60, 'shortcuts': {(16, 17, 79): 'Open', (17, 83): 'Save', (16, 17, 83): 'Save as'}}
2024-02-15 02:58:52,216 - models.project - INFO - file: C:\Users\Giogina\SpectraMatcher\Ovalene Test.spm, exsits=True
2024-02-15 02:59:27,716 - root - INFO - Started with flags: ['C:/Users/Giogina/SpectraMatcher/main.py', '-open', 'C:\\Users\\Giogina\\SpectraMatcher\\Ovalene Test.spm']
2024-02-15 02:59:27,716 - models.settings_manager - INFO - Attempting to read./config/settings.json...
2024-02-15 02:59:27,716 - models.settings_manager - INFO - Settings loaded. {'projectsPath': 'C:/Users/Giogina/SpectraMatcher', 'recentProjects': ['C:/Users/Giogina/SpectraMatcher/Ovalene Test.spm', 'C:/Users/Giogina/SpectraMatcher/test2.spm', 'C:/Users/Giogina/SpectraMatcher/untitled(4).spm', 'C:/Users/Giogina/SpectraMatcher/untitled(2).spm', 'C:/Users/Giogina/SpectraMatcher/TEST.spm', 'C:/Users/Giogina/SpectraMatcher/untitled(3).spm'], 'autoSaveInterval': 60, 'shortcuts': {(16, 17, 79): 'Open', (17, 83): 'Save', (16, 17, 83): 'Save as'}}
2024-02-15 02:59:28,246 - models.project - INFO - file: C:\Users\Giogina\SpectraMatcher\Ovalene Test.spm, exsits=True
2024-02-15 03:00:09,940 - root - INFO - Started with flags: ['C:/Users/Giogina/SpectraMatcher/main.py', '-open', 'C:\\Users\\Giogina\\SpectraMatcher\\Ovalene Test.spm']
2024-02-15 03:00:09,940 - models.settings_manager - INFO - Attempting to read./config/settings.json...
2024-02-15 03:00:09,940 - models.settings_manager - INFO - Settings loaded. {'projectsPath': 'C:/Users/Giogina/SpectraMatcher', 'recentProjects': ['C:/Users/Giogina/SpectraMatcher/Ovalene Test.spm', 'C:/Users/Giogina/SpectraMatcher/test2.spm', 'C:/Users/Giogina/SpectraMatcher/untitled(4).spm', 'C:/Users/Giogina/SpectraMatcher/untitled(2).spm', 'C:/Users/Giogina/SpectraMatcher/TEST.spm', 'C:/Users/Giogina/SpectraMatcher/untitled(3).spm'], 'autoSaveInterval': 60, 'shortcuts': {(16, 17, 79): 'Open', (17, 83): 'Save', (16, 17, 83): 'Save as'}}
2024-02-15 03:00:10,410 - models.project - INFO - file: C:\Users\Giogina\SpectraMatcher\Ovalene Test.spm, exsits=True
2024-02-15 03:02:51,758 - root - INFO - Started with flags: ['C:/Users/Giogina/SpectraMatcher/main.py', '-open', 'C:\\Users\\Giogina\\SpectraMatcher\\Ovalene Test.spm']
2024-02-15 03:02:51,758 - models.settings_manager - INFO - Attempting to read./config/settings.json...
2024-02-15 03:02:51,758 - models.settings_manager - INFO - Settings loaded. {'projectsPath': 'C:/Users/Giogina/SpectraMatcher', 'recentProjects': ['C:/Users/Giogina/SpectraMatcher/Ovalene Test.spm', 'C:/Users/Giogina/SpectraMatcher/test2.spm', 'C:/Users/Giogina/SpectraMatcher/untitled(4).spm', 'C:/Users/Giogina/SpectraMatcher/untitled(2).spm', 'C:/Users/Giogina/SpectraMatcher/TEST.spm', 'C:/Users/Giogina/SpectraMatcher/untitled(3).spm'], 'autoSaveInterval': 60, 'shortcuts': {(16, 17, 79): 'Open', (17, 83): 'Save', (16, 17, 83): 'Save as'}}
2024-02-15 03:02:52,241 - models.project - INFO - file: C:\Users\Giogina\SpectraMatcher\Ovalene Test.spm, exsits=True
2024-02-15 03:08:05,581 - root - INFO - Started with flags: ['C:/Users/Giogina/SpectraMatcher/main.py', '-open', 'C:\\Users\\Giogina\\SpectraMatcher\\Ovalene Test.spm']
2024-02-15 03:08:05,581 - models.settings_manager - INFO - Attempting to read./config/settings.json...
2024-02-15 03:08:05,581 - models.settings_manager - INFO - Settings loaded. {'projectsPath': 'C:/Users/Giogina/SpectraMatcher', 'recentProjects': ['C:/Users/Giogina/SpectraMatcher/Ovalene Test.spm', 'C:/Users/Giogina/SpectraMatcher/test2.spm', 'C:/Users/Giogina/SpectraMatcher/untitled(4).spm', 'C:/Users/Giogina/SpectraMatcher/untitled(2).spm', 'C:/Users/Giogina/SpectraMatcher/TEST.spm', 'C:/Users/Giogina/SpectraMatcher/untitled(3).spm'], 'autoSaveInterval': 60, 'shortcuts': {(16, 17, 79): 'Open', (17, 83): 'Save', (16, 17, 83): 'Save as'}}
2024-02-15 03:08:06,051 - models.project - INFO - file: C:\Users\Giogina\SpectraMatcher\Ovalene Test.spm, exsits=True
2024-02-15 05:13:44,588 - root - INFO - Started with flags: ['C:/Users/Giogina/SpectraMatcher/main.py', '-open', 'C:\\Users\\Giogina\\SpectraMatcher\\Ovalene Test.spm']
2024-02-15 05:13:44,588 - models.settings_manager - INFO - Attempting to read./config/settings.json...
2024-02-15 05:13:44,588 - models.settings_manager - INFO - Settings loaded. {'projectsPath': 'C:/Users/Giogina/SpectraMatcher', 'recentProjects': ['C:/Users/Giogina/SpectraMatcher/Ovalene Test.spm', 'C:/Users/Giogina/SpectraMatcher/test2.spm', 'C:/Users/Giogina/SpectraMatcher/untitled(4).spm', 'C:/Users/Giogina/SpectraMatcher/untitled(2).spm', 'C:/Users/Giogina/SpectraMatcher/TEST.spm', 'C:/Users/Giogina/SpectraMatcher/untitled(3).spm'], 'autoSaveInterval': 60, 'shortcuts': {(16, 17, 79): 'Open', (17, 83): 'Save', (16, 17, 83): 'Save as'}}
2024-02-15 05:13:45,078 - models.project - INFO - file: C:\Users\Giogina\SpectraMatcher\Ovalene Test.spm, exsits=True
2024-02-15 05:17:12,839 - root - INFO - Started with flags: ['C:/Users/Giogina/SpectraMatcher/main.py', '-open', 'C:\\Users\\Giogina\\SpectraMatcher\\Ovalene Test.spm']
2024-02-15 05:17:12,839 - models.settings_manager - INFO - Attempting to read./config/settings.json...
2024-02-15 05:17:12,839 - models.settings_manager - INFO - Settings loaded. {'projectsPath': 'C:/Users/Giogina/SpectraMatcher', 'recentProjects': ['C:/Users/Giogina/SpectraMatcher/Ovalene Test.spm', 'C:/Users/Giogina/SpectraMatcher/test2.spm', 'C:/Users/Giogina/SpectraMatcher/untitled(4).spm', 'C:/Users/Giogina/SpectraMatcher/untitled(2).spm', 'C:/Users/Giogina/SpectraMatcher/TEST.spm', 'C:/Users/Giogina/SpectraMatcher/untitled(3).spm'], 'autoSaveInterval': 60, 'shortcuts': {(16, 17, 79): 'Open', (17, 83): 'Save', (16, 17, 83): 'Save as'}}
2024-02-15 05:17:13,289 - models.project - INFO - file: C:\Users\Giogina\SpectraMatcher\Ovalene Test.spm, exsits=True
2024-02-15 05:19:00,144 - root - INFO - Started with flags: ['C:/Users/Giogina/SpectraMatcher/main.py', '-open', 'C:\\Users\\Giogina\\SpectraMatcher\\Ovalene Test.spm']
2024-02-15 05:19:00,144 - models.settings_manager - INFO - Attempting to read./config/settings.json...
2024-02-15 05:19:00,144 - models.settings_manager - INFO - Settings loaded. {'projectsPath': 'C:/Users/Giogina/SpectraMatcher', 'recentProjects': ['C:/Users/Giogina/SpectraMatcher/Ovalene Test.spm', 'C:/Users/Giogina/SpectraMatcher/test2.spm', 'C:/Users/Giogina/SpectraMatcher/untitled(4).spm', 'C:/Users/Giogina/SpectraMatcher/untitled(2).spm', 'C:/Users/Giogina/SpectraMatcher/TEST.spm', 'C:/Users/Giogina/SpectraMatcher/untitled(3).spm'], 'autoSaveInterval': 60, 'shortcuts': {(16, 17, 79): 'Open', (17, 83): 'Save', (16, 17, 83): 'Save as'}}
2024-02-15 05:19:00,604 - models.project - INFO - file: C:\Users\Giogina\SpectraMatcher\Ovalene Test.spm, exsits=True
2024-02-15 05:20:18,924 - root - INFO - Started with flags: ['C:/Users/Giogina/SpectraMatcher/main.py', '-open', 'C:\\Users\\Giogina\\SpectraMatcher\\Ovalene Test.spm']
2024-02-15 05:20:18,924 - models.settings_manager - INFO - Attempting to read./config/settings.json...
2024-02-15 05:20:18,924 - models.settings_manager - INFO - Settings loaded. {'projectsPath': 'C:/Users/Giogina/SpectraMatcher', 'recentProjects': ['C:/Users/Giogina/SpectraMatcher/Ovalene Test.spm', 'C:/Users/Giogina/SpectraMatcher/test2.spm', 'C:/Users/Giogina/SpectraMatcher/untitled(4).spm', 'C:/Users/Giogina/SpectraMatcher/untitled(2).spm', 'C:/Users/Giogina/SpectraMatcher/TEST.spm', 'C:/Users/Giogina/SpectraMatcher/untitled(3).spm'], 'autoSaveInterval': 60, 'shortcuts': {(16, 17, 79): 'Open', (17, 83): 'Save', (16, 17, 83): 'Save as'}}
2024-02-15 05:20:19,404 - models.project - INFO - file: C:\Users\Giogina\SpectraMatcher\Ovalene Test.spm, exsits=True
2024-02-15 05:22:06,201 - root - INFO - Started with flags: ['C:/Users/Giogina/SpectraMatcher/main.py', '-open', 'C:\\Users\\Giogina\\SpectraMatcher\\Ovalene Test.spm']
2024-02-15 05:22:06,201 - models.settings_manager - INFO - Attempting to read./config/settings.json...
2024-02-15 05:22:06,211 - models.settings_manager - INFO - Settings loaded. {'projectsPath': 'C:/Users/Giogina/SpectraMatcher', 'recentProjects': ['C:/Users/Giogina/SpectraMatcher/Ovalene Test.spm', 'C:/Users/Giogina/SpectraMatcher/test2.spm', 'C:/Users/Giogina/SpectraMatcher/untitled(4).spm', 'C:/Users/Giogina/SpectraMatcher/untitled(2).spm', 'C:/Users/Giogina/SpectraMatcher/TEST.spm', 'C:/Users/Giogina/SpectraMatcher/untitled(3).spm'], 'autoSaveInterval': 60, 'shortcuts': {(16, 17, 79): 'Open', (17, 83): 'Save', (16, 17, 83): 'Save as'}}
2024-02-15 05:22:06,681 - models.project - INFO - file: C:\Users\Giogina\SpectraMatcher\Ovalene Test.spm, exsits=True
2024-02-15 05:22:48,393 - root - INFO - Started with flags: ['C:/Users/Giogina/SpectraMatcher/main.py', '-open', 'C:\\Users\\Giogina\\SpectraMatcher\\Ovalene Test.spm']
2024-02-15 05:22:48,393 - models.settings_manager - INFO - Attempting to read./config/settings.json...
2024-02-15 05:22:48,393 - models.settings_manager - INFO - Settings loaded. {'projectsPath': 'C:/Users/Giogina/SpectraMatcher', 'recentProjects': ['C:/Users/Giogina/SpectraMatcher/Ovalene Test.spm', 'C:/Users/Giogina/SpectraMatcher/test2.spm', 'C:/Users/Giogina/SpectraMatcher/untitled(4).spm', 'C:/Users/Giogina/SpectraMatcher/untitled(2).spm', 'C:/Users/Giogina/SpectraMatcher/TEST.spm', 'C:/Users/Giogina/SpectraMatcher/untitled(3).spm'], 'autoSaveInterval': 60, 'shortcuts': {(16, 17, 79): 'Open', (17, 83): 'Save', (16, 17, 83): 'Save as'}}
2024-02-15 05:22:48,864 - models.project - INFO - file: C:\Users\Giogina\SpectraMatcher\Ovalene Test.spm, exsits=True
2024-02-15 05:23:16,494 - root - INFO - Started with flags: ['C:/Users/Giogina/SpectraMatcher/main.py', '-open', 'C:\\Users\\Giogina\\SpectraMatcher\\Ovalene Test.spm']
2024-02-15 05:23:16,494 - models.settings_manager - INFO - Attempting to read./config/settings.json...
2024-02-15 05:23:16,494 - models.settings_manager - INFO - Settings loaded. {'projectsPath': 'C:/Users/Giogina/SpectraMatcher', 'recentProjects': ['C:/Users/Giogina/SpectraMatcher/Ovalene Test.spm', 'C:/Users/Giogina/SpectraMatcher/test2.spm', 'C:/Users/Giogina/SpectraMatcher/untitled(4).spm', 'C:/Users/Giogina/SpectraMatcher/untitled(2).spm', 'C:/Users/Giogina/SpectraMatcher/TEST.spm', 'C:/Users/Giogina/SpectraMatcher/untitled(3).spm'], 'autoSaveInterval': 60, 'shortcuts': {(16, 17, 79): 'Open', (17, 83): 'Save', (16, 17, 83): 'Save as'}}
2024-02-15 05:23:16,974 - models.project - INFO - file: C:\Users\Giogina\SpectraMatcher\Ovalene Test.spm, exsits=True
2024-02-15 05:26:41,187 - root - INFO - Started with flags: ['C:/Users/Giogina/SpectraMatcher/main.py', '-open', 'C:\\Users\\Giogina\\SpectraMatcher\\Ovalene Test.spm']
2024-02-15 05:26:41,187 - models.settings_manager - INFO - Attempting to read./config/settings.json...
2024-02-15 05:26:41,187 - models.settings_manager - INFO - Settings loaded. {'projectsPath': 'C:/Users/Giogina/SpectraMatcher', 'recentProjects': ['C:/Users/Giogina/SpectraMatcher/Ovalene Test.spm', 'C:/Users/Giogina/SpectraMatcher/test2.spm', 'C:/Users/Giogina/SpectraMatcher/untitled(4).spm', 'C:/Users/Giogina/SpectraMatcher/untitled(2).spm', 'C:/Users/Giogina/SpectraMatcher/TEST.spm', 'C:/Users/Giogina/SpectraMatcher/untitled(3).spm'], 'autoSaveInterval': 60, 'shortcuts': {(16, 17, 79): 'Open', (17, 83): 'Save', (16, 17, 83): 'Save as'}}
2024-02-15 05:26:41,678 - models.project - INFO - file: C:\Users\Giogina\SpectraMatcher\Ovalene Test.spm, exsits=True
2024-02-15 05:28:19,299 - root - INFO - Started with flags: ['C:/Users/Giogina/SpectraMatcher/main.py', '-open', 'C:\\Users\\Giogina\\SpectraMatcher\\Ovalene Test.spm']
2024-02-15 05:28:19,299 - models.settings_manager - INFO - Attempting to read./config/settings.json...
2024-02-15 05:28:19,299 - models.settings_manager - INFO - Settings loaded. {'projectsPath': 'C:/Users/Giogina/SpectraMatcher', 'recentProjects': ['C:/Users/Giogina/SpectraMatcher/Ovalene Test.spm', 'C:/Users/Giogina/SpectraMatcher/test2.spm', 'C:/Users/Giogina/SpectraMatcher/untitled(4).spm', 'C:/Users/Giogina/SpectraMatcher/untitled(2).spm', 'C:/Users/Giogina/SpectraMatcher/TEST.spm', 'C:/Users/Giogina/SpectraMatcher/untitled(3).spm'], 'autoSaveInterval': 60, 'shortcuts': {(16, 17, 79): 'Open', (17, 83): 'Save', (16, 17, 83): 'Save as'}}
2024-02-15 05:28:19,790 - models.project - INFO - file: C:\Users\Giogina\SpectraMatcher\Ovalene Test.spm, exsits=True
2024-02-15 05:29:36,900 - root - INFO - Started with flags: ['C:/Users/Giogina/SpectraMatcher/main.py', '-open', 'C:\\Users\\Giogina\\SpectraMatcher\\Ovalene Test.spm']
2024-02-15 05:29:36,900 - models.settings_manager - INFO - Attempting to read./config/settings.json...
2024-02-15 05:29:36,900 - models.settings_manager - INFO - Settings loaded. {'projectsPath': 'C:/Users/Giogina/SpectraMatcher', 'recentProjects': ['C:/Users/Giogina/SpectraMatcher/Ovalene Test.spm', 'C:/Users/Giogina/SpectraMatcher/test2.spm', 'C:/Users/Giogina/SpectraMatcher/untitled(4).spm', 'C:/Users/Giogina/SpectraMatcher/untitled(2).spm', 'C:/Users/Giogina/SpectraMatcher/TEST.spm', 'C:/Users/Giogina/SpectraMatcher/untitled(3).spm'], 'autoSaveInterval': 60, 'shortcuts': {(16, 17, 79): 'Open', (17, 83): 'Save', (16, 17, 83): 'Save as'}}
2024-02-15 05:29:37,380 - models.project - INFO - file: C:\Users\Giogina\SpectraMatcher\Ovalene Test.spm, exsits=True
2024-02-15 05:31:39,110 - root - INFO - Started with flags: ['C:/Users/Giogina/SpectraMatcher/main.py', '-open', 'C:\\Users\\Giogina\\SpectraMatcher\\Ovalene Test.spm']
2024-02-15 05:31:39,110 - models.settings_manager - INFO - Attempting to read./config/settings.json...
2024-02-15 05:31:39,110 - models.settings_manager - INFO - Settings loaded. {'projectsPath': 'C:/Users/Giogina/SpectraMatcher', 'recentProjects': ['C:/Users/Giogina/SpectraMatcher/Ovalene Test.spm', 'C:/Users/Giogina/SpectraMatcher/test2.spm', 'C:/Users/Giogina/SpectraMatcher/untitled(4).spm', 'C:/Users/Giogina/SpectraMatcher/untitled(2).spm', 'C:/Users/Giogina/SpectraMatcher/TEST.spm', 'C:/Users/Giogina/SpectraMatcher/untitled(3).spm'], 'autoSaveInterval': 60, 'shortcuts': {(16, 17, 79): 'Open', (17, 83): 'Save', (16, 17, 83): 'Save as'}}
2024-02-15 05:31:39,590 - models.project - INFO - file: C:\Users\Giogina\SpectraMatcher\Ovalene Test.spm, exsits=True
2024-02-15 05:44:22,000 - root - INFO - Started with flags: ['C:/Users/Giogina/SpectraMatcher/main.py', '-open', 'C:\\Users\\Giogina\\SpectraMatcher\\Ovalene Test.spm']
2024-02-15 05:44:22,000 - models.settings_manager - INFO - Attempting to read./config/settings.json...
2024-02-15 05:44:22,000 - models.settings_manager - INFO - Settings loaded. {'projectsPath': 'C:/Users/Giogina/SpectraMatcher', 'recentProjects': ['C:/Users/Giogina/SpectraMatcher/Ovalene Test.spm', 'C:/Users/Giogina/SpectraMatcher/test2.spm', 'C:/Users/Giogina/SpectraMatcher/untitled(4).spm', 'C:/Users/Giogina/SpectraMatcher/untitled(2).spm', 'C:/Users/Giogina/SpectraMatcher/TEST.spm', 'C:/Users/Giogina/SpectraMatcher/untitled(3).spm'], 'autoSaveInterval': 60, 'shortcuts': {(16, 17, 79): 'Open', (17, 83): 'Save', (16, 17, 83): 'Save as'}}
2024-02-15 05:44:22,470 - models.project - INFO - file: C:\Users\Giogina\SpectraMatcher\Ovalene Test.spm, exsits=True
2024-02-15 05:52:46,547 - root - INFO - Started with flags: ['C:/Users/Giogina/SpectraMatcher/main.py', '-open', 'C:\\Users\\Giogina\\SpectraMatcher\\Ovalene Test.spm']
2024-02-15 05:52:46,547 - models.settings_manager - INFO - Attempting to read./config/settings.json...
2024-02-15 05:52:46,547 - models.settings_manager - INFO - Settings loaded. {'projectsPath': 'C:/Users/Giogina/SpectraMatcher', 'recentProjects': ['C:/Users/Giogina/SpectraMatcher/Ovalene Test.spm', 'C:/Users/Giogina/SpectraMatcher/test2.spm', 'C:/Users/Giogina/SpectraMatcher/untitled(4).spm', 'C:/Users/Giogina/SpectraMatcher/untitled(2).spm', 'C:/Users/Giogina/SpectraMatcher/TEST.spm', 'C:/Users/Giogina/SpectraMatcher/untitled(3).spm'], 'autoSaveInterval': 60, 'shortcuts': {(16, 17, 79): 'Open', (17, 83): 'Save', (16, 17, 83): 'Save as'}}
2024-02-15 05:52:47,037 - models.project - INFO - file: C:\Users\Giogina\SpectraMatcher\Ovalene Test.spm, exsits=True
2024-02-15 05:53:47,478 - root - INFO - Started with flags: ['C:/Users/Giogina/SpectraMatcher/main.py', '-open', 'C:\\Users\\Giogina\\SpectraMatcher\\Ovalene Test.spm']
2024-02-15 05:53:47,478 - models.settings_manager - INFO - Attempting to read./config/settings.json...
2024-02-15 05:53:47,478 - models.settings_manager - INFO - Settings loaded. {'projectsPath': 'C:/Users/Giogina/SpectraMatcher', 'recentProjects': ['C:/Users/Giogina/SpectraMatcher/Ovalene Test.spm', 'C:/Users/Giogina/SpectraMatcher/test2.spm', 'C:/Users/Giogina/SpectraMatcher/untitled(4).spm', 'C:/Users/Giogina/SpectraMatcher/untitled(2).spm', 'C:/Users/Giogina/SpectraMatcher/TEST.spm', 'C:/Users/Giogina/SpectraMatcher/untitled(3).spm'], 'autoSaveInterval': 60, 'shortcuts': {(16, 17, 79): 'Open', (17, 83): 'Save', (16, 17, 83): 'Save as'}}
2024-02-15 05:54:17,380 - root - INFO - Started with flags: ['C:/Users/Giogina/SpectraMatcher/main.py', '-open', 'C:\\Users\\Giogina\\SpectraMatcher\\Ovalene Test.spm']
2024-02-15 05:54:17,380 - models.settings_manager - INFO - Attempting to read./config/settings.json...
2024-02-15 05:54:17,380 - models.settings_manager - INFO - Settings loaded. {'projectsPath': 'C:/Users/Giogina/SpectraMatcher', 'recentProjects': ['C:/Users/Giogina/SpectraMatcher/Ovalene Test.spm', 'C:/Users/Giogina/SpectraMatcher/test2.spm', 'C:/Users/Giogina/SpectraMatcher/untitled(4).spm', 'C:/Users/Giogina/SpectraMatcher/untitled(2).spm', 'C:/Users/Giogina/SpectraMatcher/TEST.spm', 'C:/Users/Giogina/SpectraMatcher/untitled(3).spm'], 'autoSaveInterval': 60, 'shortcuts': {(16, 17, 79): 'Open', (17, 83): 'Save', (16, 17, 83): 'Save as'}}
2024-02-15 05:54:17,880 - models.project - INFO - file: C:\Users\Giogina\SpectraMatcher\Ovalene Test.spm, exsits=True
2024-02-15 06:29:04,271 - root - INFO - Started with flags: ['C:/Users/Giogina/SpectraMatcher/main.py', '-open', 'C:\\Users\\Giogina\\SpectraMatcher\\Ovalene Test.spm']
2024-02-15 06:29:04,271 - models.settings_manager - INFO - Attempting to read./config/settings.json...
2024-02-15 06:29:04,271 - models.settings_manager - INFO - Settings loaded. {'projectsPath': 'C:/Users/Giogina/SpectraMatcher', 'recentProjects': ['C:/Users/Giogina/SpectraMatcher/Ovalene Test.spm', 'C:/Users/Giogina/SpectraMatcher/test2.spm', 'C:/Users/Giogina/SpectraMatcher/untitled(4).spm', 'C:/Users/Giogina/SpectraMatcher/untitled(2).spm', 'C:/Users/Giogina/SpectraMatcher/TEST.spm', 'C:/Users/Giogina/SpectraMatcher/untitled(3).spm'], 'autoSaveInterval': 60, 'shortcuts': {(16, 17, 79): 'Open', (17, 83): 'Save', (16, 17, 83): 'Save as'}}
2024-02-15 06:29:04,751 - models.project - INFO - file: C:\Users\Giogina\SpectraMatcher\Ovalene Test.spm, exsits=True
2024-02-15 06:30:07,821 - root - INFO - Started with flags: ['C:/Users/Giogina/SpectraMatcher/main.py', '-open', 'C:\\Users\\Giogina\\SpectraMatcher\\Ovalene Test.spm']
2024-02-15 06:30:07,821 - models.settings_manager - INFO - Attempting to read./config/settings.json...
2024-02-15 06:30:07,821 - models.settings_manager - INFO - Settings loaded. {'projectsPath': 'C:/Users/Giogina/SpectraMatcher', 'recentProjects': ['C:/Users/Giogina/SpectraMatcher/Ovalene Test.spm', 'C:/Users/Giogina/SpectraMatcher/test2.spm', 'C:/Users/Giogina/SpectraMatcher/untitled(4).spm', 'C:/Users/Giogina/SpectraMatcher/untitled(2).spm', 'C:/Users/Giogina/SpectraMatcher/TEST.spm', 'C:/Users/Giogina/SpectraMatcher/untitled(3).spm'], 'autoSaveInterval': 60, 'shortcuts': {(16, 17, 79): 'Open', (17, 83): 'Save', (16, 17, 83): 'Save as'}}
2024-02-15 06:30:08,321 - models.project - INFO - file: C:\Users\Giogina\SpectraMatcher\Ovalene Test.spm, exsits=True
2024-02-15 06:34:55,177 - root - INFO - Started with flags: ['C:/Users/Giogina/SpectraMatcher/main.py', '-open', 'C:\\Users\\Giogina\\SpectraMatcher\\Ovalene Test.spm']
2024-02-15 06:34:55,177 - models.settings_manager - INFO - Attempting to read./config/settings.json...
2024-02-15 06:34:55,177 - models.settings_manager - INFO - Settings loaded. {'projectsPath': 'C:/Users/Giogina/SpectraMatcher', 'recentProjects': ['C:/Users/Giogina/SpectraMatcher/Ovalene Test.spm', 'C:/Users/Giogina/SpectraMatcher/test2.spm', 'C:/Users/Giogina/SpectraMatcher/untitled(4).spm', 'C:/Users/Giogina/SpectraMatcher/untitled(2).spm', 'C:/Users/Giogina/SpectraMatcher/TEST.spm', 'C:/Users/Giogina/SpectraMatcher/untitled(3).spm'], 'autoSaveInterval': 60, 'shortcuts': {(16, 17, 79): 'Open', (17, 83): 'Save', (16, 17, 83): 'Save as'}}
2024-02-15 06:34:55,647 - models.project - INFO - file: C:\Users\Giogina\SpectraMatcher\Ovalene Test.spm, exsits=True
2024-02-15 06:35:11,178 - root - INFO - Started with flags: ['C:/Users/Giogina/SpectraMatcher/main.py', '-open', 'C:\\Users\\Giogina\\SpectraMatcher\\Ovalene Test.spm']
2024-02-15 06:35:11,178 - models.settings_manager - INFO - Attempting to read./config/settings.json...
2024-02-15 06:35:11,178 - models.settings_manager - INFO - Settings loaded. {'projectsPath': 'C:/Users/Giogina/SpectraMatcher', 'recentProjects': ['C:/Users/Giogina/SpectraMatcher/Ovalene Test.spm', 'C:/Users/Giogina/SpectraMatcher/test2.spm', 'C:/Users/Giogina/SpectraMatcher/untitled(4).spm', 'C:/Users/Giogina/SpectraMatcher/untitled(2).spm', 'C:/Users/Giogina/SpectraMatcher/TEST.spm', 'C:/Users/Giogina/SpectraMatcher/untitled(3).spm'], 'autoSaveInterval': 60, 'shortcuts': {(16, 17, 79): 'Open', (17, 83): 'Save', (16, 17, 83): 'Save as'}}
2024-02-15 06:35:11,688 - models.project - INFO - file: C:\Users\Giogina\SpectraMatcher\Ovalene Test.spm, exsits=True
2024-02-15 06:44:31,419 - root - INFO - Started with flags: ['C:/Users/Giogina/SpectraMatcher/main.py', '-open', 'C:\\Users\\Giogina\\SpectraMatcher\\Ovalene Test.spm']
2024-02-15 06:44:31,419 - models.settings_manager - INFO - Attempting to read./config/settings.json...
2024-02-15 06:44:31,419 - models.settings_manager - INFO - Settings loaded. {'projectsPath': 'C:/Users/Giogina/SpectraMatcher', 'recentProjects': ['C:/Users/Giogina/SpectraMatcher/Ovalene Test.spm', 'C:/Users/Giogina/SpectraMatcher/test2.spm', 'C:/Users/Giogina/SpectraMatcher/untitled(4).spm', 'C:/Users/Giogina/SpectraMatcher/untitled(2).spm', 'C:/Users/Giogina/SpectraMatcher/TEST.spm', 'C:/Users/Giogina/SpectraMatcher/untitled(3).spm'], 'autoSaveInterval': 60, 'shortcuts': {(16, 17, 79): 'Open', (17, 83): 'Save', (16, 17, 83): 'Save as'}}
2024-02-15 06:44:31,909 - models.project - INFO - file: C:\Users\Giogina\SpectraMatcher\Ovalene Test.spm, exsits=True
2024-02-15 06:45:44,784 - root - INFO - Started with flags: ['C:/Users/Giogina/SpectraMatcher/main.py', '-open', 'C:\\Users\\Giogina\\SpectraMatcher\\Ovalene Test.spm']
2024-02-15 06:45:44,784 - models.settings_manager - INFO - Attempting to read./config/settings.json...
2024-02-15 06:45:44,784 - models.settings_manager - INFO - Settings loaded. {'projectsPath': 'C:/Users/Giogina/SpectraMatcher', 'recentProjects': ['C:/Users/Giogina/SpectraMatcher/Ovalene Test.spm', 'C:/Users/Giogina/SpectraMatcher/test2.spm', 'C:/Users/Giogina/SpectraMatcher/untitled(4).spm', 'C:/Users/Giogina/SpectraMatcher/untitled(2).spm', 'C:/Users/Giogina/SpectraMatcher/TEST.spm', 'C:/Users/Giogina/SpectraMatcher/untitled(3).spm'], 'autoSaveInterval': 60, 'shortcuts': {(16, 17, 79): 'Open', (17, 83): 'Save', (16, 17, 83): 'Save as'}}
2024-02-15 06:45:45,264 - models.project - INFO - file: C:\Users\Giogina\SpectraMatcher\Ovalene Test.spm, exsits=True
2024-02-15 06:46:33,396 - root - INFO - Started with flags: ['C:/Users/Giogina/SpectraMatcher/main.py', '-open', 'C:\\Users\\Giogina\\SpectraMatcher\\Ovalene Test.spm']
2024-02-15 06:46:33,396 - models.settings_manager - INFO - Attempting to read./config/settings.json...
2024-02-15 06:46:33,396 - models.settings_manager - INFO - Settings loaded. {'projectsPath': 'C:/Users/Giogina/SpectraMatcher', 'recentProjects': ['C:/Users/Giogina/SpectraMatcher/Ovalene Test.spm', 'C:/Users/Giogina/SpectraMatcher/test2.spm', 'C:/Users/Giogina/SpectraMatcher/untitled(4).spm', 'C:/Users/Giogina/SpectraMatcher/untitled(2).spm', 'C:/Users/Giogina/SpectraMatcher/TEST.spm', 'C:/Users/Giogina/SpectraMatcher/untitled(3).spm'], 'autoSaveInterval': 60, 'shortcuts': {(16, 17, 79): 'Open', (17, 83): 'Save', (16, 17, 83): 'Save as'}}
2024-02-15 06:46:33,886 - models.project - INFO - file: C:\Users\Giogina\SpectraMatcher\Ovalene Test.spm, exsits=True
2024-02-15 06:47:13,531 - root - INFO - Started with flags: ['C:/Users/Giogina/SpectraMatcher/main.py', '-open', 'C:\\Users\\Giogina\\SpectraMatcher\\Ovalene Test.spm']
2024-02-15 06:47:13,531 - models.settings_manager - INFO - Attempting to read./config/settings.json...
2024-02-15 06:47:13,531 - models.settings_manager - INFO - Settings loaded. {'projectsPath': 'C:/Users/Giogina/SpectraMatcher', 'recentProjects': ['C:/Users/Giogina/SpectraMatcher/Ovalene Test.spm', 'C:/Users/Giogina/SpectraMatcher/test2.spm', 'C:/Users/Giogina/SpectraMatcher/untitled(4).spm', 'C:/Users/Giogina/SpectraMatcher/untitled(2).spm', 'C:/Users/Giogina/SpectraMatcher/TEST.spm', 'C:/Users/Giogina/SpectraMatcher/untitled(3).spm'], 'autoSaveInterval': 60, 'shortcuts': {(16, 17, 79): 'Open', (17, 83): 'Save', (16, 17, 83): 'Save as'}}
2024-02-15 06:47:14,021 - models.project - INFO - file: C:\Users\Giogina\SpectraMatcher\Ovalene Test.spm, exsits=True
2024-02-15 06:47:54,734 - root - INFO - Started with flags: ['C:/Users/Giogina/SpectraMatcher/main.py', '-open', 'C:\\Users\\Giogina\\SpectraMatcher\\Ovalene Test.spm']
2024-02-15 06:47:54,734 - models.settings_manager - INFO - Attempting to read./config/settings.json...
2024-02-15 06:47:54,734 - models.settings_manager - INFO - Settings loaded. {'projectsPath': 'C:/Users/Giogina/SpectraMatcher', 'recentProjects': ['C:/Users/Giogina/SpectraMatcher/Ovalene Test.spm', 'C:/Users/Giogina/SpectraMatcher/test2.spm', 'C:/Users/Giogina/SpectraMatcher/untitled(4).spm', 'C:/Users/Giogina/SpectraMatcher/untitled(2).spm', 'C:/Users/Giogina/SpectraMatcher/TEST.spm', 'C:/Users/Giogina/SpectraMatcher/untitled(3).spm'], 'autoSaveInterval': 60, 'shortcuts': {(16, 17, 79): 'Open', (17, 83): 'Save', (16, 17, 83): 'Save as'}}
2024-02-15 06:47:55,344 - models.project - INFO - file: C:\Users\Giogina\SpectraMatcher\Ovalene Test.spm, exsits=True
2024-02-15 06:48:52,634 - root - INFO - Started with flags: ['C:/Users/Giogina/SpectraMatcher/main.py', '-open', 'C:\\Users\\Giogina\\SpectraMatcher\\Ovalene Test.spm']
2024-02-15 06:48:52,634 - models.settings_manager - INFO - Attempting to read./config/settings.json...
2024-02-15 06:48:52,634 - models.settings_manager - INFO - Settings loaded. {'projectsPath': 'C:/Users/Giogina/SpectraMatcher', 'recentProjects': ['C:/Users/Giogina/SpectraMatcher/Ovalene Test.spm', 'C:/Users/Giogina/SpectraMatcher/test2.spm', 'C:/Users/Giogina/SpectraMatcher/untitled(4).spm', 'C:/Users/Giogina/SpectraMatcher/untitled(2).spm', 'C:/Users/Giogina/SpectraMatcher/TEST.spm', 'C:/Users/Giogina/SpectraMatcher/untitled(3).spm'], 'autoSaveInterval': 60, 'shortcuts': {(16, 17, 79): 'Open', (17, 83): 'Save', (16, 17, 83): 'Save as'}}
2024-02-15 06:48:53,134 - models.project - INFO - file: C:\Users\Giogina\SpectraMatcher\Ovalene Test.spm, exsits=True
2024-02-15 06:49:07,524 - root - INFO - Started with flags: ['C:/Users/Giogina/SpectraMatcher/main.py', '-open', 'C:\\Users\\Giogina\\SpectraMatcher\\Ovalene Test.spm']
2024-02-15 06:49:07,524 - models.settings_manager - INFO - Attempting to read./config/settings.json...
2024-02-15 06:49:07,524 - models.settings_manager - INFO - Settings loaded. {'projectsPath': 'C:/Users/Giogina/SpectraMatcher', 'recentProjects': ['C:/Users/Giogina/SpectraMatcher/Ovalene Test.spm', 'C:/Users/Giogina/SpectraMatcher/test2.spm', 'C:/Users/Giogina/SpectraMatcher/untitled(4).spm', 'C:/Users/Giogina/SpectraMatcher/untitled(2).spm', 'C:/Users/Giogina/SpectraMatcher/TEST.spm', 'C:/Users/Giogina/SpectraMatcher/untitled(3).spm'], 'autoSaveInterval': 60, 'shortcuts': {(16, 17, 79): 'Open', (17, 83): 'Save', (16, 17, 83): 'Save as'}}
2024-02-15 06:49:08,014 - models.project - INFO - file: C:\Users\Giogina\SpectraMatcher\Ovalene Test.spm, exsits=True
2024-02-15 06:55:47,824 - root - INFO - Started with flags: ['C:/Users/Giogina/SpectraMatcher/main.py', '-open', 'C:\\Users\\Giogina\\SpectraMatcher\\Ovalene Test.spm']
2024-02-15 06:55:47,824 - models.settings_manager - INFO - Attempting to read./config/settings.json...
2024-02-15 06:55:47,824 - models.settings_manager - INFO - Settings loaded. {'projectsPath': 'C:/Users/Giogina/SpectraMatcher', 'recentProjects': ['C:/Users/Giogina/SpectraMatcher/Ovalene Test.spm', 'C:/Users/Giogina/SpectraMatcher/test2.spm', 'C:/Users/Giogina/SpectraMatcher/untitled(4).spm', 'C:/Users/Giogina/SpectraMatcher/untitled(2).spm', 'C:/Users/Giogina/SpectraMatcher/TEST.spm', 'C:/Users/Giogina/SpectraMatcher/untitled(3).spm'], 'autoSaveInterval': 60, 'shortcuts': {(16, 17, 79): 'Open', (17, 83): 'Save', (16, 17, 83): 'Save as'}}
2024-02-15 06:55:48,334 - models.project - INFO - file: C:\Users\Giogina\SpectraMatcher\Ovalene Test.spm, exsits=True
2024-02-15 06:58:33,167 - root - INFO - Started with flags: ['C:/Users/Giogina/SpectraMatcher/main.py', '-open', 'C:\\Users\\Giogina\\SpectraMatcher\\Ovalene Test.spm']
2024-02-15 06:58:33,167 - models.settings_manager - INFO - Attempting to read./config/settings.json...
2024-02-15 06:58:33,167 - models.settings_manager - INFO - Settings loaded. {'projectsPath': 'C:/Users/Giogina/SpectraMatcher', 'recentProjects': ['C:/Users/Giogina/SpectraMatcher/Ovalene Test.spm', 'C:/Users/Giogina/SpectraMatcher/test2.spm', 'C:/Users/Giogina/SpectraMatcher/untitled(4).spm', 'C:/Users/Giogina/SpectraMatcher/untitled(2).spm', 'C:/Users/Giogina/SpectraMatcher/TEST.spm', 'C:/Users/Giogina/SpectraMatcher/untitled(3).spm'], 'autoSaveInterval': 60, 'shortcuts': {(16, 17, 79): 'Open', (17, 83): 'Save', (16, 17, 83): 'Save as'}}
2024-02-15 06:58:53,267 - root - INFO - Started with flags: ['C:/Users/Giogina/SpectraMatcher/main.py', '-open', 'C:\\Users\\Giogina\\SpectraMatcher\\Ovalene Test.spm']
2024-02-15 06:58:53,267 - models.settings_manager - INFO - Attempting to read./config/settings.json...
2024-02-15 06:58:53,267 - models.settings_manager - INFO - Settings loaded. {'projectsPath': 'C:/Users/Giogina/SpectraMatcher', 'recentProjects': ['C:/Users/Giogina/SpectraMatcher/Ovalene Test.spm', 'C:/Users/Giogina/SpectraMatcher/test2.spm', 'C:/Users/Giogina/SpectraMatcher/untitled(4).spm', 'C:/Users/Giogina/SpectraMatcher/untitled(2).spm', 'C:/Users/Giogina/SpectraMatcher/TEST.spm', 'C:/Users/Giogina/SpectraMatcher/untitled(3).spm'], 'autoSaveInterval': 60, 'shortcuts': {(16, 17, 79): 'Open', (17, 83): 'Save', (16, 17, 83): 'Save as'}}
2024-02-15 06:59:09,308 - root - INFO - Started with flags: ['C:/Users/Giogina/SpectraMatcher/main.py', '-open', 'C:\\Users\\Giogina\\SpectraMatcher\\Ovalene Test.spm']
2024-02-15 06:59:09,308 - models.settings_manager - INFO - Attempting to read./config/settings.json...
2024-02-15 06:59:09,308 - models.settings_manager - INFO - Settings loaded. {'projectsPath': 'C:/Users/Giogina/SpectraMatcher', 'recentProjects': ['C:/Users/Giogina/SpectraMatcher/Ovalene Test.spm', 'C:/Users/Giogina/SpectraMatcher/test2.spm', 'C:/Users/Giogina/SpectraMatcher/untitled(4).spm', 'C:/Users/Giogina/SpectraMatcher/untitled(2).spm', 'C:/Users/Giogina/SpectraMatcher/TEST.spm', 'C:/Users/Giogina/SpectraMatcher/untitled(3).spm'], 'autoSaveInterval': 60, 'shortcuts': {(16, 17, 79): 'Open', (17, 83): 'Save', (16, 17, 83): 'Save as'}}
2024-02-15 06:59:09,798 - models.project - INFO - file: C:\Users\Giogina\SpectraMatcher\Ovalene Test.spm, exsits=True
2024-02-15 06:59:29,498 - root - INFO - Started with flags: ['C:/Users/Giogina/SpectraMatcher/main.py', '-open', 'C:\\Users\\Giogina\\SpectraMatcher\\Ovalene Test.spm']
2024-02-15 06:59:29,498 - models.settings_manager - INFO - Attempting to read./config/settings.json...
2024-02-15 06:59:29,498 - models.settings_manager - INFO - Settings loaded. {'projectsPath': 'C:/Users/Giogina/SpectraMatcher', 'recentProjects': ['C:/Users/Giogina/SpectraMatcher/Ovalene Test.spm', 'C:/Users/Giogina/SpectraMatcher/test2.spm', 'C:/Users/Giogina/SpectraMatcher/untitled(4).spm', 'C:/Users/Giogina/SpectraMatcher/untitled(2).spm', 'C:/Users/Giogina/SpectraMatcher/TEST.spm', 'C:/Users/Giogina/SpectraMatcher/untitled(3).spm'], 'autoSaveInterval': 60, 'shortcuts': {(16, 17, 79): 'Open', (17, 83): 'Save', (16, 17, 83): 'Save as'}}
2024-02-15 06:59:29,998 - models.project - INFO - file: C:\Users\Giogina\SpectraMatcher\Ovalene Test.spm, exsits=True
2024-02-15 07:00:21,011 - root - INFO - Started with flags: ['C:/Users/Giogina/SpectraMatcher/main.py', '-open', 'C:\\Users\\Giogina\\SpectraMatcher\\Ovalene Test.spm']
2024-02-15 07:00:21,011 - models.settings_manager - INFO - Attempting to read./config/settings.json...
2024-02-15 07:00:21,011 - models.settings_manager - INFO - Settings loaded. {'projectsPath': 'C:/Users/Giogina/SpectraMatcher', 'recentProjects': ['C:/Users/Giogina/SpectraMatcher/Ovalene Test.spm', 'C:/Users/Giogina/SpectraMatcher/test2.spm', 'C:/Users/Giogina/SpectraMatcher/untitled(4).spm', 'C:/Users/Giogina/SpectraMatcher/untitled(2).spm', 'C:/Users/Giogina/SpectraMatcher/TEST.spm', 'C:/Users/Giogina/SpectraMatcher/untitled(3).spm'], 'autoSaveInterval': 60, 'shortcuts': {(16, 17, 79): 'Open', (17, 83): 'Save', (16, 17, 83): 'Save as'}}
2024-02-15 07:00:21,511 - models.project - INFO - file: C:\Users\Giogina\SpectraMatcher\Ovalene Test.spm, exsits=True
2024-02-15 07:02:03,526 - root - INFO - Started with flags: ['C:/Users/Giogina/SpectraMatcher/main.py', '-open', 'C:\\Users\\Giogina\\SpectraMatcher\\Ovalene Test.spm']
2024-02-15 07:02:03,526 - models.settings_manager - INFO - Attempting to read./config/settings.json...
2024-02-15 07:02:03,526 - models.settings_manager - INFO - Settings loaded. {'projectsPath': 'C:/Users/Giogina/SpectraMatcher', 'recentProjects': ['C:/Users/Giogina/SpectraMatcher/Ovalene Test.spm', 'C:/Users/Giogina/SpectraMatcher/test2.spm', 'C:/Users/Giogina/SpectraMatcher/untitled(4).spm', 'C:/Users/Giogina/SpectraMatcher/untitled(2).spm', 'C:/Users/Giogina/SpectraMatcher/TEST.spm', 'C:/Users/Giogina/SpectraMatcher/untitled(3).spm'], 'autoSaveInterval': 60, 'shortcuts': {(16, 17, 79): 'Open', (17, 83): 'Save', (16, 17, 83): 'Save as'}}
2024-02-15 07:02:04,026 - models.project - INFO - file: C:\Users\Giogina\SpectraMatcher\Ovalene Test.spm, exsits=True
2024-02-15 07:04:16,192 - root - INFO - Started with flags: ['C:/Users/Giogina/SpectraMatcher/main.py', '-open', 'C:\\Users\\Giogina\\SpectraMatcher\\Ovalene Test.spm']
2024-02-15 07:04:16,192 - models.settings_manager - INFO - Attempting to read./config/settings.json...
2024-02-15 07:04:16,192 - models.settings_manager - INFO - Settings loaded. {'projectsPath': 'C:/Users/Giogina/SpectraMatcher', 'recentProjects': ['C:/Users/Giogina/SpectraMatcher/Ovalene Test.spm', 'C:/Users/Giogina/SpectraMatcher/test2.spm', 'C:/Users/Giogina/SpectraMatcher/untitled(4).spm', 'C:/Users/Giogina/SpectraMatcher/untitled(2).spm', 'C:/Users/Giogina/SpectraMatcher/TEST.spm', 'C:/Users/Giogina/SpectraMatcher/untitled(3).spm'], 'autoSaveInterval': 60, 'shortcuts': {(16, 17, 79): 'Open', (17, 83): 'Save', (16, 17, 83): 'Save as'}}
2024-02-15 07:04:16,722 - models.project - INFO - file: C:\Users\Giogina\SpectraMatcher\Ovalene Test.spm, exsits=True
2024-02-15 07:17:56,498 - root - INFO - Started with flags: ['C:/Users/Giogina/SpectraMatcher/main.py', '-open', 'C:\\Users\\Giogina\\SpectraMatcher\\Ovalene Test.spm']
2024-02-15 07:17:56,498 - models.settings_manager - INFO - Attempting to read./config/settings.json...
2024-02-15 07:17:56,498 - models.settings_manager - INFO - Settings loaded. {'projectsPath': 'C:/Users/Giogina/SpectraMatcher', 'recentProjects': ['C:/Users/Giogina/SpectraMatcher/Ovalene Test.spm', 'C:/Users/Giogina/SpectraMatcher/test2.spm', 'C:/Users/Giogina/SpectraMatcher/untitled(4).spm', 'C:/Users/Giogina/SpectraMatcher/untitled(2).spm', 'C:/Users/Giogina/SpectraMatcher/TEST.spm', 'C:/Users/Giogina/SpectraMatcher/untitled(3).spm'], 'autoSaveInterval': 60, 'shortcuts': {(16, 17, 79): 'Open', (17, 83): 'Save', (16, 17, 83): 'Save as'}}
2024-02-15 07:17:56,998 - models.project - INFO - file: C:\Users\Giogina\SpectraMatcher\Ovalene Test.spm, exsits=True
2024-02-15 07:18:14,349 - root - INFO - Started with flags: ['C:/Users/Giogina/SpectraMatcher/main.py', '-open', 'C:\\Users\\Giogina\\SpectraMatcher\\Ovalene Test.spm']
2024-02-15 07:18:14,349 - models.settings_manager - INFO - Attempting to read./config/settings.json...
2024-02-15 07:18:14,349 - models.settings_manager - INFO - Settings loaded. {'projectsPath': 'C:/Users/Giogina/SpectraMatcher', 'recentProjects': ['C:/Users/Giogina/SpectraMatcher/Ovalene Test.spm', 'C:/Users/Giogina/SpectraMatcher/test2.spm', 'C:/Users/Giogina/SpectraMatcher/untitled(4).spm', 'C:/Users/Giogina/SpectraMatcher/untitled(2).spm', 'C:/Users/Giogina/SpectraMatcher/TEST.spm', 'C:/Users/Giogina/SpectraMatcher/untitled(3).spm'], 'autoSaveInterval': 60, 'shortcuts': {(16, 17, 79): 'Open', (17, 83): 'Save', (16, 17, 83): 'Save as'}}
2024-02-15 07:18:14,829 - models.project - INFO - file: C:\Users\Giogina\SpectraMatcher\Ovalene Test.spm, exsits=True
2024-02-16 00:43:10,978 - root - INFO - Started with flags: ['C:/Users/Giogina/SpectraMatcher/main.py', '-open', 'C:\\Users\\Giogina\\SpectraMatcher\\Ovalene Test.spm']
2024-02-16 00:43:10,978 - models.settings_manager - INFO - Attempting to read./config/settings.json...
2024-02-16 00:43:10,978 - models.settings_manager - INFO - Settings loaded. {'projectsPath': 'C:/Users/Giogina/SpectraMatcher', 'recentProjects': ['C:/Users/Giogina/SpectraMatcher/Ovalene Test.spm', 'C:/Users/Giogina/SpectraMatcher/test2.spm', 'C:/Users/Giogina/SpectraMatcher/untitled(4).spm', 'C:/Users/Giogina/SpectraMatcher/untitled(2).spm', 'C:/Users/Giogina/SpectraMatcher/TEST.spm', 'C:/Users/Giogina/SpectraMatcher/untitled(3).spm'], 'autoSaveInterval': 60, 'shortcuts': {(16, 17, 79): 'Open', (17, 83): 'Save', (16, 17, 83): 'Save as'}}
2024-02-16 00:43:11,678 - models.project - INFO - file: C:\Users\Giogina\SpectraMatcher\Ovalene Test.spm, exsits=True
2024-02-16 00:44:37,189 - root - INFO - Started with flags: ['C:/Users/Giogina/SpectraMatcher/main.py', '-open', 'C:\\Users\\Giogina\\SpectraMatcher\\Ovalene Test.spm']
2024-02-16 00:44:37,189 - models.settings_manager - INFO - Attempting to read./config/settings.json...
2024-02-16 00:44:37,189 - models.settings_manager - INFO - Settings loaded. {'projectsPath': 'C:/Users/Giogina/SpectraMatcher', 'recentProjects': ['C:/Users/Giogina/SpectraMatcher/Ovalene Test.spm', 'C:/Users/Giogina/SpectraMatcher/test2.spm', 'C:/Users/Giogina/SpectraMatcher/untitled(4).spm', 'C:/Users/Giogina/SpectraMatcher/untitled(2).spm', 'C:/Users/Giogina/SpectraMatcher/TEST.spm', 'C:/Users/Giogina/SpectraMatcher/untitled(3).spm'], 'autoSaveInterval': 60, 'shortcuts': {(16, 17, 79): 'Open', (17, 83): 'Save', (16, 17, 83): 'Save as'}}
2024-02-16 00:44:37,699 - models.project - INFO - file: C:\Users\Giogina\SpectraMatcher\Ovalene Test.spm, exsits=True
2024-02-16 00:46:28,019 - root - INFO - Started with flags: ['C:/Users/Giogina/SpectraMatcher/main.py', '-open', 'C:\\Users\\Giogina\\SpectraMatcher\\Ovalene Test.spm']
2024-02-16 00:46:28,019 - models.settings_manager - INFO - Attempting to read./config/settings.json...
2024-02-16 00:46:28,019 - models.settings_manager - INFO - Settings loaded. {'projectsPath': 'C:/Users/Giogina/SpectraMatcher', 'recentProjects': ['C:/Users/Giogina/SpectraMatcher/Ovalene Test.spm', 'C:/Users/Giogina/SpectraMatcher/test2.spm', 'C:/Users/Giogina/SpectraMatcher/untitled(4).spm', 'C:/Users/Giogina/SpectraMatcher/untitled(2).spm', 'C:/Users/Giogina/SpectraMatcher/TEST.spm', 'C:/Users/Giogina/SpectraMatcher/untitled(3).spm'], 'autoSaveInterval': 60, 'shortcuts': {(16, 17, 79): 'Open', (17, 83): 'Save', (16, 17, 83): 'Save as'}}
2024-02-16 00:46:28,519 - models.project - INFO - file: C:\Users\Giogina\SpectraMatcher\Ovalene Test.spm, exsits=True
2024-02-16 00:48:23,795 - root - INFO - Started with flags: ['C:/Users/Giogina/SpectraMatcher/main.py', '-open', 'C:\\Users\\Giogina\\SpectraMatcher\\Ovalene Test.spm']
2024-02-16 00:48:23,795 - models.settings_manager - INFO - Attempting to read./config/settings.json...
2024-02-16 00:48:23,795 - models.settings_manager - INFO - Settings loaded. {'projectsPath': 'C:/Users/Giogina/SpectraMatcher', 'recentProjects': ['C:/Users/Giogina/SpectraMatcher/Ovalene Test.spm', 'C:/Users/Giogina/SpectraMatcher/test2.spm', 'C:/Users/Giogina/SpectraMatcher/untitled(4).spm', 'C:/Users/Giogina/SpectraMatcher/untitled(2).spm', 'C:/Users/Giogina/SpectraMatcher/TEST.spm', 'C:/Users/Giogina/SpectraMatcher/untitled(3).spm'], 'autoSaveInterval': 60, 'shortcuts': {(16, 17, 79): 'Open', (17, 83): 'Save', (16, 17, 83): 'Save as'}}
2024-02-16 00:48:24,285 - models.project - INFO - file: C:\Users\Giogina\SpectraMatcher\Ovalene Test.spm, exsits=True
2024-02-16 00:49:41,010 - root - INFO - Started with flags: ['C:/Users/Giogina/SpectraMatcher/main.py', '-open', 'C:\\Users\\Giogina\\SpectraMatcher\\Ovalene Test.spm']
2024-02-16 00:49:41,010 - models.settings_manager - INFO - Attempting to read./config/settings.json...
2024-02-16 00:49:41,010 - models.settings_manager - INFO - Settings loaded. {'projectsPath': 'C:/Users/Giogina/SpectraMatcher', 'recentProjects': ['C:/Users/Giogina/SpectraMatcher/Ovalene Test.spm', 'C:/Users/Giogina/SpectraMatcher/test2.spm', 'C:/Users/Giogina/SpectraMatcher/untitled(4).spm', 'C:/Users/Giogina/SpectraMatcher/untitled(2).spm', 'C:/Users/Giogina/SpectraMatcher/TEST.spm', 'C:/Users/Giogina/SpectraMatcher/untitled(3).spm'], 'autoSaveInterval': 60, 'shortcuts': {(16, 17, 79): 'Open', (17, 83): 'Save', (16, 17, 83): 'Save as'}}
2024-02-16 00:49:41,480 - models.project - INFO - file: C:\Users\Giogina\SpectraMatcher\Ovalene Test.spm, exsits=True
2024-02-16 00:53:25,673 - root - INFO - Started with flags: ['C:/Users/Giogina/SpectraMatcher/main.py', '-open', 'C:\\Users\\Giogina\\SpectraMatcher\\Ovalene Test.spm']
2024-02-16 00:53:25,673 - models.settings_manager - INFO - Attempting to read./config/settings.json...
2024-02-16 00:53:25,673 - models.settings_manager - INFO - Settings loaded. {'projectsPath': 'C:/Users/Giogina/SpectraMatcher', 'recentProjects': ['C:/Users/Giogina/SpectraMatcher/Ovalene Test.spm', 'C:/Users/Giogina/SpectraMatcher/test2.spm', 'C:/Users/Giogina/SpectraMatcher/untitled(4).spm', 'C:/Users/Giogina/SpectraMatcher/untitled(2).spm', 'C:/Users/Giogina/SpectraMatcher/TEST.spm', 'C:/Users/Giogina/SpectraMatcher/untitled(3).spm'], 'autoSaveInterval': 60, 'shortcuts': {(16, 17, 79): 'Open', (17, 83): 'Save', (16, 17, 83): 'Save as'}}
2024-02-16 00:53:26,153 - models.project - INFO - file: C:\Users\Giogina\SpectraMatcher\Ovalene Test.spm, exsits=True
2024-02-16 00:58:28,898 - root - INFO - Started with flags: ['C:/Users/Giogina/SpectraMatcher/main.py']
2024-02-16 00:58:28,898 - models.settings_manager - INFO - Attempting to read./config/settings.json...
2024-02-16 00:58:28,898 - models.settings_manager - INFO - Settings loaded. {'projectsPath': 'C:/Users/Giogina/SpectraMatcher', 'recentProjects': ['C:/Users/Giogina/SpectraMatcher/Ovalene Test.spm', 'C:/Users/Giogina/SpectraMatcher/test2.spm', 'C:/Users/Giogina/SpectraMatcher/untitled(4).spm', 'C:/Users/Giogina/SpectraMatcher/untitled(2).spm', 'C:/Users/Giogina/SpectraMatcher/TEST.spm', 'C:/Users/Giogina/SpectraMatcher/untitled(3).spm'], 'autoSaveInterval': 60, 'shortcuts': {(16, 17, 79): 'Open', (17, 83): 'Save', (16, 17, 83): 'Save as'}}
2024-02-16 00:58:55,988 - root - INFO - Flags received:('-open', 'C:/Users/Giogina/SpectraMatcher/untitled.spm')
2024-02-16 00:58:55,988 - root - INFO - Launching: python C:/Users/Giogina/SpectraMatcher/main.py -open "C:/Users/Giogina/SpectraMatcher/untitled.spm"
2024-02-16 00:58:56,138 - root - INFO - Started with flags: ['C:/Users/Giogina/SpectraMatcher/main.py', '-open', 'C:/Users/Giogina/SpectraMatcher/untitled.spm']
2024-02-16 01:03:50,591 - root - INFO - Started with flags: ['C:/Users/Giogina/SpectraMatcher/main.py']
2024-02-16 01:03:50,591 - models.settings_manager - INFO - Attempting to read./config/settings.json...
2024-02-16 01:03:50,591 - models.settings_manager - INFO - Settings loaded. {'projectsPath': 'C:/Users/Giogina/SpectraMatcher', 'recentProjects': ['C:/Users/Giogina/SpectraMatcher/Ovalene Test.spm', 'C:/Users/Giogina/SpectraMatcher/test2.spm', 'C:/Users/Giogina/SpectraMatcher/untitled(4).spm', 'C:/Users/Giogina/SpectraMatcher/untitled(2).spm', 'C:/Users/Giogina/SpectraMatcher/TEST.spm', 'C:/Users/Giogina/SpectraMatcher/untitled(3).spm'], 'autoSaveInterval': 60, 'shortcuts': {(16, 17, 79): 'Open', (17, 83): 'Save', (16, 17, 83): 'Save as'}}
2024-02-16 01:03:52,701 - root - INFO - Flags received:None
2024-02-16 01:03:55,531 - root - INFO - Started with flags: ['C:/Users/Giogina/SpectraMatcher/main.py', '-new']
2024-02-16 01:03:55,531 - models.settings_manager - INFO - Attempting to read./config/settings.json...
2024-02-16 01:03:55,531 - models.settings_manager - INFO - Settings loaded. {'projectsPath': 'C:/Users/Giogina/SpectraMatcher', 'recentProjects': ['C:/Users/Giogina/SpectraMatcher/Ovalene Test.spm', 'C:/Users/Giogina/SpectraMatcher/test2.spm', 'C:/Users/Giogina/SpectraMatcher/untitled(4).spm', 'C:/Users/Giogina/SpectraMatcher/untitled(2).spm', 'C:/Users/Giogina/SpectraMatcher/TEST.spm', 'C:/Users/Giogina/SpectraMatcher/untitled(3).spm'], 'autoSaveInterval': 60, 'shortcuts': {(16, 17, 79): 'Open', (17, 83): 'Save', (16, 17, 83): 'Save as'}}
2024-02-16 01:07:06,702 - root - INFO - Started with flags: ['C:/Users/Giogina/SpectraMatcher/main.py', '-new']
2024-02-16 01:07:06,702 - models.settings_manager - INFO - Attempting to read./config/settings.json...
2024-02-16 01:07:06,702 - models.settings_manager - INFO - Settings loaded. {'projectsPath': 'C:/Users/Giogina/SpectraMatcher', 'recentProjects': ['C:/Users/Giogina/SpectraMatcher/Ovalene Test.spm', 'C:/Users/Giogina/SpectraMatcher/test2.spm', 'C:/Users/Giogina/SpectraMatcher/untitled(4).spm', 'C:/Users/Giogina/SpectraMatcher/untitled(2).spm', 'C:/Users/Giogina/SpectraMatcher/TEST.spm', 'C:/Users/Giogina/SpectraMatcher/untitled(3).spm'], 'autoSaveInterval': 60, 'shortcuts': {(16, 17, 79): 'Open', (17, 83): 'Save', (16, 17, 83): 'Save as'}}
2024-02-16 01:08:29,594 - root - INFO - Started with flags: ['C:/Users/Giogina/SpectraMatcher/main.py', '-new']
2024-02-16 01:08:29,594 - models.settings_manager - INFO - Attempting to read./config/settings.json...
2024-02-16 01:08:29,594 - models.settings_manager - INFO - Settings loaded. {'projectsPath': 'C:/Users/Giogina/SpectraMatcher', 'recentProjects': ['C:/Users/Giogina/SpectraMatcher/Ovalene Test.spm', 'C:/Users/Giogina/SpectraMatcher/test2.spm', 'C:/Users/Giogina/SpectraMatcher/untitled(4).spm', 'C:/Users/Giogina/SpectraMatcher/untitled(2).spm', 'C:/Users/Giogina/SpectraMatcher/TEST.spm', 'C:/Users/Giogina/SpectraMatcher/untitled(3).spm'], 'autoSaveInterval': 60, 'shortcuts': {(16, 17, 79): 'Open', (17, 83): 'Save', (16, 17, 83): 'Save as'}}
2024-02-16 01:09:17,634 - root - INFO - Started with flags: ['C:/Users/Giogina/SpectraMatcher/main.py', '-new']
2024-02-16 01:09:17,634 - models.settings_manager - INFO - Attempting to read./config/settings.json...
2024-02-16 01:09:17,634 - models.settings_manager - INFO - Settings loaded. {'projectsPath': 'C:/Users/Giogina/SpectraMatcher', 'recentProjects': ['C:/Users/Giogina/SpectraMatcher/Ovalene Test.spm', 'C:/Users/Giogina/SpectraMatcher/test2.spm', 'C:/Users/Giogina/SpectraMatcher/untitled(4).spm', 'C:/Users/Giogina/SpectraMatcher/untitled(2).spm', 'C:/Users/Giogina/SpectraMatcher/TEST.spm', 'C:/Users/Giogina/SpectraMatcher/untitled(3).spm'], 'autoSaveInterval': 60, 'shortcuts': {(16, 17, 79): 'Open', (17, 83): 'Save', (16, 17, 83): 'Save as'}}
2024-02-16 01:12:47,446 - root - INFO - Started with flags: ['C:/Users/Giogina/SpectraMatcher/main.py', '-new']
2024-02-16 01:12:47,446 - models.settings_manager - INFO - Attempting to read./config/settings.json...
2024-02-16 01:12:47,446 - models.settings_manager - INFO - Settings loaded. {'projectsPath': 'C:/Users/Giogina/SpectraMatcher', 'recentProjects': ['C:/Users/Giogina/SpectraMatcher/Ovalene Test.spm', 'C:/Users/Giogina/SpectraMatcher/test2.spm', 'C:/Users/Giogina/SpectraMatcher/untitled(4).spm', 'C:/Users/Giogina/SpectraMatcher/untitled(2).spm', 'C:/Users/Giogina/SpectraMatcher/TEST.spm', 'C:/Users/Giogina/SpectraMatcher/untitled(3).spm'], 'autoSaveInterval': 60, 'shortcuts': {(16, 17, 79): 'Open', (17, 83): 'Save', (16, 17, 83): 'Save as'}}
2024-02-16 01:13:15,727 - root - INFO - Started with flags: ['C:/Users/Giogina/SpectraMatcher/main.py', '-new']
2024-02-16 01:13:15,727 - models.settings_manager - INFO - Attempting to read./config/settings.json...
2024-02-16 01:13:15,727 - models.settings_manager - INFO - Settings loaded. {'projectsPath': 'C:/Users/Giogina/SpectraMatcher', 'recentProjects': ['C:/Users/Giogina/SpectraMatcher/Ovalene Test.spm', 'C:/Users/Giogina/SpectraMatcher/test2.spm', 'C:/Users/Giogina/SpectraMatcher/untitled(4).spm', 'C:/Users/Giogina/SpectraMatcher/untitled(2).spm', 'C:/Users/Giogina/SpectraMatcher/TEST.spm', 'C:/Users/Giogina/SpectraMatcher/untitled(3).spm'], 'autoSaveInterval': 60, 'shortcuts': {(16, 17, 79): 'Open', (17, 83): 'Save', (16, 17, 83): 'Save as'}}
2024-02-16 01:13:45,457 - root - INFO - Flags received:None
2024-02-16 01:15:16,317 - root - INFO - Started with flags: ['C:/Users/Giogina/SpectraMatcher/main.py', '-new']
2024-02-16 01:15:16,317 - models.settings_manager - INFO - Attempting to read./config/settings.json...
2024-02-16 01:15:16,317 - models.settings_manager - INFO - Settings loaded. {'projectsPath': 'C:/Users/Giogina/SpectraMatcher', 'recentProjects': ['C:/Users/Giogina/SpectraMatcher/Ovalene Test.spm', 'C:/Users/Giogina/SpectraMatcher/test2.spm', 'C:/Users/Giogina/SpectraMatcher/untitled(4).spm', 'C:/Users/Giogina/SpectraMatcher/untitled(2).spm', 'C:/Users/Giogina/SpectraMatcher/TEST.spm', 'C:/Users/Giogina/SpectraMatcher/untitled(3).spm'], 'autoSaveInterval': 60, 'shortcuts': {(16, 17, 79): 'Open', (17, 83): 'Save', (16, 17, 83): 'Save as'}}
2024-02-16 01:17:06,980 - root - INFO - Started with flags: ['C:/Users/Giogina/SpectraMatcher/main.py', '-new']
2024-02-16 01:17:06,980 - models.settings_manager - INFO - Attempting to read./config/settings.json...
2024-02-16 01:17:06,980 - models.settings_manager - INFO - Settings loaded. {'projectsPath': 'C:/Users/Giogina/SpectraMatcher', 'recentProjects': ['C:/Users/Giogina/SpectraMatcher/Ovalene Test.spm', 'C:/Users/Giogina/SpectraMatcher/test2.spm', 'C:/Users/Giogina/SpectraMatcher/untitled(4).spm', 'C:/Users/Giogina/SpectraMatcher/untitled(2).spm', 'C:/Users/Giogina/SpectraMatcher/TEST.spm', 'C:/Users/Giogina/SpectraMatcher/untitled(3).spm'], 'autoSaveInterval': 60, 'shortcuts': {(16, 17, 79): 'Open', (17, 83): 'Save', (16, 17, 83): 'Save as'}}
2024-02-16 01:17:10,410 - root - INFO - Flags received:None
2024-02-16 01:17:24,580 - root - INFO - Started with flags: ['C:/Users/Giogina/SpectraMatcher/main.py', '-new']
2024-02-16 01:17:24,580 - models.settings_manager - INFO - Attempting to read./config/settings.json...
2024-02-16 01:17:24,580 - models.settings_manager - INFO - Settings loaded. {'projectsPath': 'C:/Users/Giogina/SpectraMatcher', 'recentProjects': ['C:/Users/Giogina/SpectraMatcher/Ovalene Test.spm', 'C:/Users/Giogina/SpectraMatcher/test2.spm', 'C:/Users/Giogina/SpectraMatcher/untitled(4).spm', 'C:/Users/Giogina/SpectraMatcher/untitled(2).spm', 'C:/Users/Giogina/SpectraMatcher/TEST.spm', 'C:/Users/Giogina/SpectraMatcher/untitled(3).spm'], 'autoSaveInterval': 60, 'shortcuts': {(16, 17, 79): 'Open', (17, 83): 'Save', (16, 17, 83): 'Save as'}}
2024-02-16 01:18:41,541 - root - INFO - Started with flags: ['C:/Users/Giogina/SpectraMatcher/main.py', '-new']
2024-02-16 01:18:41,541 - models.settings_manager - INFO - Attempting to read./config/settings.json...
2024-02-16 01:18:41,541 - models.settings_manager - INFO - Settings loaded. {'projectsPath': 'C:/Users/Giogina/SpectraMatcher', 'recentProjects': ['C:/Users/Giogina/SpectraMatcher/Ovalene Test.spm', 'C:/Users/Giogina/SpectraMatcher/test2.spm', 'C:/Users/Giogina/SpectraMatcher/untitled(4).spm', 'C:/Users/Giogina/SpectraMatcher/untitled(2).spm', 'C:/Users/Giogina/SpectraMatcher/TEST.spm', 'C:/Users/Giogina/SpectraMatcher/untitled(3).spm'], 'autoSaveInterval': 60, 'shortcuts': {(16, 17, 79): 'Open', (17, 83): 'Save', (16, 17, 83): 'Save as'}}
2024-02-16 01:18:43,911 - root - INFO - Flags received:None
2024-02-16 01:18:47,101 - root - INFO - Started with flags: ['C:/Users/Giogina/SpectraMatcher/main.py', '-new']
2024-02-16 01:18:47,101 - models.settings_manager - INFO - Attempting to read./config/settings.json...
2024-02-16 01:18:47,101 - models.settings_manager - INFO - Settings loaded. {'projectsPath': 'C:/Users/Giogina/SpectraMatcher', 'recentProjects': ['C:/Users/Giogina/SpectraMatcher/Ovalene Test.spm', 'C:/Users/Giogina/SpectraMatcher/test2.spm', 'C:/Users/Giogina/SpectraMatcher/untitled(4).spm', 'C:/Users/Giogina/SpectraMatcher/untitled(2).spm', 'C:/Users/Giogina/SpectraMatcher/TEST.spm', 'C:/Users/Giogina/SpectraMatcher/untitled(3).spm'], 'autoSaveInterval': 60, 'shortcuts': {(16, 17, 79): 'Open', (17, 83): 'Save', (16, 17, 83): 'Save as'}}
2024-02-16 01:22:02,192 - root - INFO - Started with flags: ['C:/Users/Giogina/SpectraMatcher/main.py', '-new']
2024-02-16 01:22:02,192 - models.settings_manager - INFO - Attempting to read./config/settings.json...
2024-02-16 01:22:02,192 - models.settings_manager - INFO - Settings loaded. {'projectsPath': 'C:/Users/Giogina/SpectraMatcher', 'recentProjects': ['C:/Users/Giogina/SpectraMatcher/Ovalene Test.spm', 'C:/Users/Giogina/SpectraMatcher/test2.spm', 'C:/Users/Giogina/SpectraMatcher/untitled(4).spm', 'C:/Users/Giogina/SpectraMatcher/untitled(2).spm', 'C:/Users/Giogina/SpectraMatcher/TEST.spm', 'C:/Users/Giogina/SpectraMatcher/untitled(3).spm'], 'autoSaveInterval': 60, 'shortcuts': {(16, 17, 79): 'Open', (17, 83): 'Save', (16, 17, 83): 'Save as'}}
2024-02-16 01:22:09,022 - root - INFO - Started with flags: ['C:/Users/Giogina/SpectraMatcher/main.py', '-new']
2024-02-16 01:22:09,022 - models.settings_manager - INFO - Attempting to read./config/settings.json...
2024-02-16 01:22:09,022 - models.settings_manager - INFO - Settings loaded. {'projectsPath': 'C:/Users/Giogina/SpectraMatcher', 'recentProjects': ['C:/Users/Giogina/SpectraMatcher/Ovalene Test.spm', 'C:/Users/Giogina/SpectraMatcher/test2.spm', 'C:/Users/Giogina/SpectraMatcher/untitled(4).spm', 'C:/Users/Giogina/SpectraMatcher/untitled(2).spm', 'C:/Users/Giogina/SpectraMatcher/TEST.spm', 'C:/Users/Giogina/SpectraMatcher/untitled(3).spm'], 'autoSaveInterval': 60, 'shortcuts': {(16, 17, 79): 'Open', (17, 83): 'Save', (16, 17, 83): 'Save as'}}
2024-02-16 01:23:05,772 - root - INFO - Started with flags: ['C:/Users/Giogina/SpectraMatcher/main.py', '-new']
2024-02-16 01:23:05,772 - models.settings_manager - INFO - Attempting to read./config/settings.json...
2024-02-16 01:23:05,772 - models.settings_manager - INFO - Settings loaded. {'projectsPath': 'C:/Users/Giogina/SpectraMatcher', 'recentProjects': ['C:/Users/Giogina/SpectraMatcher/Ovalene Test.spm', 'C:/Users/Giogina/SpectraMatcher/test2.spm', 'C:/Users/Giogina/SpectraMatcher/untitled(4).spm', 'C:/Users/Giogina/SpectraMatcher/untitled(2).spm', 'C:/Users/Giogina/SpectraMatcher/TEST.spm', 'C:/Users/Giogina/SpectraMatcher/untitled(3).spm'], 'autoSaveInterval': 60, 'shortcuts': {(16, 17, 79): 'Open', (17, 83): 'Save', (16, 17, 83): 'Save as'}}
2024-02-16 01:25:09,053 - root - INFO - Started with flags: ['C:/Users/Giogina/SpectraMatcher/main.py', '-new']
2024-02-16 01:25:09,053 - models.settings_manager - INFO - Attempting to read./config/settings.json...
2024-02-16 01:25:09,053 - models.settings_manager - INFO - Settings loaded. {'projectsPath': 'C:/Users/Giogina/SpectraMatcher', 'recentProjects': ['C:/Users/Giogina/SpectraMatcher/Ovalene Test.spm', 'C:/Users/Giogina/SpectraMatcher/test2.spm', 'C:/Users/Giogina/SpectraMatcher/untitled(4).spm', 'C:/Users/Giogina/SpectraMatcher/untitled(2).spm', 'C:/Users/Giogina/SpectraMatcher/TEST.spm', 'C:/Users/Giogina/SpectraMatcher/untitled(3).spm'], 'autoSaveInterval': 60, 'shortcuts': {(16, 17, 79): 'Open', (17, 83): 'Save', (16, 17, 83): 'Save as'}}
2024-02-16 01:25:53,565 - root - INFO - Started with flags: ['C:/Users/Giogina/SpectraMatcher/main.py', '-new']
2024-02-16 01:25:53,565 - models.settings_manager - INFO - Attempting to read./config/settings.json...
2024-02-16 01:25:53,565 - models.settings_manager - INFO - Settings loaded. {'projectsPath': 'C:/Users/Giogina/SpectraMatcher', 'recentProjects': ['C:/Users/Giogina/SpectraMatcher/Ovalene Test.spm', 'C:/Users/Giogina/SpectraMatcher/test2.spm', 'C:/Users/Giogina/SpectraMatcher/untitled(4).spm', 'C:/Users/Giogina/SpectraMatcher/untitled(2).spm', 'C:/Users/Giogina/SpectraMatcher/TEST.spm', 'C:/Users/Giogina/SpectraMatcher/untitled(3).spm'], 'autoSaveInterval': 60, 'shortcuts': {(16, 17, 79): 'Open', (17, 83): 'Save', (16, 17, 83): 'Save as'}}
2024-02-16 01:27:19,575 - root - INFO - Started with flags: ['C:/Users/Giogina/SpectraMatcher/main.py', '-new']
2024-02-16 01:27:19,575 - models.settings_manager - INFO - Attempting to read./config/settings.json...
2024-02-16 01:27:19,575 - models.settings_manager - INFO - Settings loaded. {'projectsPath': 'C:/Users/Giogina/SpectraMatcher', 'recentProjects': ['C:/Users/Giogina/SpectraMatcher/Ovalene Test.spm', 'C:/Users/Giogina/SpectraMatcher/test2.spm', 'C:/Users/Giogina/SpectraMatcher/untitled(4).spm', 'C:/Users/Giogina/SpectraMatcher/untitled(2).spm', 'C:/Users/Giogina/SpectraMatcher/TEST.spm', 'C:/Users/Giogina/SpectraMatcher/untitled(3).spm'], 'autoSaveInterval': 60, 'shortcuts': {(16, 17, 79): 'Open', (17, 83): 'Save', (16, 17, 83): 'Save as'}}
2024-02-16 01:27:41,269 - root - INFO - Started with flags: ['C:/Users/Giogina/SpectraMatcher/main.py', '-new']
2024-02-16 01:27:41,269 - models.settings_manager - INFO - Attempting to read./config/settings.json...
2024-02-16 01:27:41,269 - models.settings_manager - INFO - Settings loaded. {'projectsPath': 'C:/Users/Giogina/SpectraMatcher', 'recentProjects': ['C:/Users/Giogina/SpectraMatcher/Ovalene Test.spm', 'C:/Users/Giogina/SpectraMatcher/test2.spm', 'C:/Users/Giogina/SpectraMatcher/untitled(4).spm', 'C:/Users/Giogina/SpectraMatcher/untitled(2).spm', 'C:/Users/Giogina/SpectraMatcher/TEST.spm', 'C:/Users/Giogina/SpectraMatcher/untitled(3).spm'], 'autoSaveInterval': 60, 'shortcuts': {(16, 17, 79): 'Open', (17, 83): 'Save', (16, 17, 83): 'Save as'}}
2024-02-16 01:28:06,147 - root - INFO - Started with flags: ['C:/Users/Giogina/SpectraMatcher/main.py', '-new']
2024-02-16 01:28:06,147 - models.settings_manager - INFO - Attempting to read./config/settings.json...
2024-02-16 01:28:06,147 - models.settings_manager - INFO - Settings loaded. {'projectsPath': 'C:/Users/Giogina/SpectraMatcher', 'recentProjects': ['C:/Users/Giogina/SpectraMatcher/Ovalene Test.spm', 'C:/Users/Giogina/SpectraMatcher/test2.spm', 'C:/Users/Giogina/SpectraMatcher/untitled(4).spm', 'C:/Users/Giogina/SpectraMatcher/untitled(2).spm', 'C:/Users/Giogina/SpectraMatcher/TEST.spm', 'C:/Users/Giogina/SpectraMatcher/untitled(3).spm'], 'autoSaveInterval': 60, 'shortcuts': {(16, 17, 79): 'Open', (17, 83): 'Save', (16, 17, 83): 'Save as'}}
2024-02-16 01:28:22,237 - root - INFO - Started with flags: ['C:/Users/Giogina/SpectraMatcher/main.py', '-new']
2024-02-16 01:28:22,237 - models.settings_manager - INFO - Attempting to read./config/settings.json...
2024-02-16 01:28:22,237 - models.settings_manager - INFO - Settings loaded. {'projectsPath': 'C:/Users/Giogina/SpectraMatcher', 'recentProjects': ['C:/Users/Giogina/SpectraMatcher/Ovalene Test.spm', 'C:/Users/Giogina/SpectraMatcher/test2.spm', 'C:/Users/Giogina/SpectraMatcher/untitled(4).spm', 'C:/Users/Giogina/SpectraMatcher/untitled(2).spm', 'C:/Users/Giogina/SpectraMatcher/TEST.spm', 'C:/Users/Giogina/SpectraMatcher/untitled(3).spm'], 'autoSaveInterval': 60, 'shortcuts': {(16, 17, 79): 'Open', (17, 83): 'Save', (16, 17, 83): 'Save as'}}
2024-02-16 01:28:50,760 - root - INFO - Started with flags: ['C:/Users/Giogina/SpectraMatcher/main.py', '-new']
2024-02-16 01:28:50,760 - models.settings_manager - INFO - Attempting to read./config/settings.json...
2024-02-16 01:28:50,760 - models.settings_manager - INFO - Settings loaded. {'projectsPath': 'C:/Users/Giogina/SpectraMatcher', 'recentProjects': ['C:/Users/Giogina/SpectraMatcher/Ovalene Test.spm', 'C:/Users/Giogina/SpectraMatcher/test2.spm', 'C:/Users/Giogina/SpectraMatcher/untitled(4).spm', 'C:/Users/Giogina/SpectraMatcher/untitled(2).spm', 'C:/Users/Giogina/SpectraMatcher/TEST.spm', 'C:/Users/Giogina/SpectraMatcher/untitled(3).spm'], 'autoSaveInterval': 60, 'shortcuts': {(16, 17, 79): 'Open', (17, 83): 'Save', (16, 17, 83): 'Save as'}}
2024-02-16 01:29:11,991 - root - INFO - Started with flags: ['C:/Users/Giogina/SpectraMatcher/main.py', '-new']
2024-02-16 01:29:11,991 - models.settings_manager - INFO - Attempting to read./config/settings.json...
2024-02-16 01:29:11,991 - models.settings_manager - INFO - Settings loaded. {'projectsPath': 'C:/Users/Giogina/SpectraMatcher', 'recentProjects': ['C:/Users/Giogina/SpectraMatcher/Ovalene Test.spm', 'C:/Users/Giogina/SpectraMatcher/test2.spm', 'C:/Users/Giogina/SpectraMatcher/untitled(4).spm', 'C:/Users/Giogina/SpectraMatcher/untitled(2).spm', 'C:/Users/Giogina/SpectraMatcher/TEST.spm', 'C:/Users/Giogina/SpectraMatcher/untitled(3).spm'], 'autoSaveInterval': 60, 'shortcuts': {(16, 17, 79): 'Open', (17, 83): 'Save', (16, 17, 83): 'Save as'}}
2024-02-16 01:35:33,292 - root - INFO - Flags received:None
2024-02-16 01:35:55,202 - root - INFO - Started with flags: ['C:/Users/Giogina/SpectraMatcher/main.py', '-new']
2024-02-16 01:35:55,202 - models.settings_manager - INFO - Attempting to read./config/settings.json...
2024-02-16 01:35:55,202 - models.settings_manager - INFO - Settings loaded. {'projectsPath': 'C:/Users/Giogina/SpectraMatcher', 'recentProjects': ['C:/Users/Giogina/SpectraMatcher/Ovalene Test.spm', 'C:/Users/Giogina/SpectraMatcher/test2.spm', 'C:/Users/Giogina/SpectraMatcher/untitled(4).spm', 'C:/Users/Giogina/SpectraMatcher/untitled(2).spm', 'C:/Users/Giogina/SpectraMatcher/TEST.spm', 'C:/Users/Giogina/SpectraMatcher/untitled(3).spm'], 'autoSaveInterval': 60, 'shortcuts': {(16, 17, 79): 'Open', (17, 83): 'Save', (16, 17, 83): 'Save as'}}
2024-02-16 01:36:03,412 - root - INFO - Started with flags: ['C:/Users/Giogina/SpectraMatcher/main.py', '-new']
2024-02-16 01:36:03,412 - models.settings_manager - INFO - Attempting to read./config/settings.json...
2024-02-16 01:36:03,412 - models.settings_manager - INFO - Settings loaded. {'projectsPath': 'C:/Users/Giogina/SpectraMatcher', 'recentProjects': ['C:/Users/Giogina/SpectraMatcher/Ovalene Test.spm', 'C:/Users/Giogina/SpectraMatcher/test2.spm', 'C:/Users/Giogina/SpectraMatcher/untitled(4).spm', 'C:/Users/Giogina/SpectraMatcher/untitled(2).spm', 'C:/Users/Giogina/SpectraMatcher/TEST.spm', 'C:/Users/Giogina/SpectraMatcher/untitled(3).spm'], 'autoSaveInterval': 60, 'shortcuts': {(16, 17, 79): 'Open', (17, 83): 'Save', (16, 17, 83): 'Save as'}}
2024-02-16 01:36:06,802 - root - INFO - Flags received:None
2024-02-16 01:40:36,847 - root - INFO - Started with flags: ['C:/Users/Giogina/SpectraMatcher/main.py', '-new']
2024-02-16 01:40:36,847 - models.settings_manager - INFO - Attempting to read./config/settings.json...
2024-02-16 01:40:36,847 - models.settings_manager - INFO - Settings loaded. {'projectsPath': 'C:/Users/Giogina/SpectraMatcher', 'recentProjects': ['C:/Users/Giogina/SpectraMatcher/Ovalene Test.spm', 'C:/Users/Giogina/SpectraMatcher/test2.spm', 'C:/Users/Giogina/SpectraMatcher/untitled(4).spm', 'C:/Users/Giogina/SpectraMatcher/untitled(2).spm', 'C:/Users/Giogina/SpectraMatcher/TEST.spm', 'C:/Users/Giogina/SpectraMatcher/untitled(3).spm'], 'autoSaveInterval': 60, 'shortcuts': {(16, 17, 79): 'Open', (17, 83): 'Save', (16, 17, 83): 'Save as'}}
2024-02-16 01:40:39,397 - root - INFO - Flags received:None
2024-02-16 01:42:09,588 - root - INFO - Started with flags: ['C:/Users/Giogina/SpectraMatcher/main.py', '-new']
2024-02-16 01:42:09,588 - models.settings_manager - INFO - Attempting to read./config/settings.json...
2024-02-16 01:42:09,588 - models.settings_manager - INFO - Settings loaded. {'projectsPath': 'C:/Users/Giogina/SpectraMatcher', 'recentProjects': ['C:/Users/Giogina/SpectraMatcher/Ovalene Test.spm', 'C:/Users/Giogina/SpectraMatcher/test2.spm', 'C:/Users/Giogina/SpectraMatcher/untitled(4).spm', 'C:/Users/Giogina/SpectraMatcher/untitled(2).spm', 'C:/Users/Giogina/SpectraMatcher/TEST.spm', 'C:/Users/Giogina/SpectraMatcher/untitled(3).spm'], 'autoSaveInterval': 60, 'shortcuts': {(16, 17, 79): 'Open', (17, 83): 'Save', (16, 17, 83): 'Save as'}}
2024-02-16 01:46:18,179 - root - INFO - Started with flags: ['C:/Users/Giogina/SpectraMatcher/main.py', '-new']
2024-02-16 01:46:18,179 - models.settings_manager - INFO - Attempting to read./config/settings.json...
2024-02-16 01:46:18,179 - models.settings_manager - INFO - Settings loaded. {'projectsPath': 'C:/Users/Giogina/SpectraMatcher', 'recentProjects': ['C:/Users/Giogina/SpectraMatcher/Ovalene Test.spm', 'C:/Users/Giogina/SpectraMatcher/test2.spm', 'C:/Users/Giogina/SpectraMatcher/untitled(4).spm', 'C:/Users/Giogina/SpectraMatcher/untitled(2).spm', 'C:/Users/Giogina/SpectraMatcher/TEST.spm', 'C:/Users/Giogina/SpectraMatcher/untitled(3).spm'], 'autoSaveInterval': 60, 'shortcuts': {(16, 17, 79): 'Open', (17, 83): 'Save', (16, 17, 83): 'Save as'}}
2024-02-16 01:46:20,289 - root - INFO - Flags received:None
2024-02-16 01:46:37,479 - root - INFO - Started with flags: ['C:/Users/Giogina/SpectraMatcher/main.py', '-new']
2024-02-16 01:46:37,479 - models.settings_manager - INFO - Attempting to read./config/settings.json...
2024-02-16 01:46:37,479 - models.settings_manager - INFO - Settings loaded. {'projectsPath': 'C:/Users/Giogina/SpectraMatcher', 'recentProjects': ['C:/Users/Giogina/SpectraMatcher/Ovalene Test.spm', 'C:/Users/Giogina/SpectraMatcher/test2.spm', 'C:/Users/Giogina/SpectraMatcher/untitled(4).spm', 'C:/Users/Giogina/SpectraMatcher/untitled(2).spm', 'C:/Users/Giogina/SpectraMatcher/TEST.spm', 'C:/Users/Giogina/SpectraMatcher/untitled(3).spm'], 'autoSaveInterval': 60, 'shortcuts': {(16, 17, 79): 'Open', (17, 83): 'Save', (16, 17, 83): 'Save as'}}
2024-02-16 01:46:39,979 - root - INFO - Flags received:None
2024-02-16 01:46:56,499 - root - INFO - Started with flags: ['C:/Users/Giogina/SpectraMatcher/main.py', '-new']
2024-02-16 01:46:56,499 - models.settings_manager - INFO - Attempting to read./config/settings.json...
2024-02-16 01:46:56,499 - models.settings_manager - INFO - Settings loaded. {'projectsPath': 'C:/Users/Giogina/SpectraMatcher', 'recentProjects': ['C:/Users/Giogina/SpectraMatcher/Ovalene Test.spm', 'C:/Users/Giogina/SpectraMatcher/test2.spm', 'C:/Users/Giogina/SpectraMatcher/untitled(4).spm', 'C:/Users/Giogina/SpectraMatcher/untitled(2).spm', 'C:/Users/Giogina/SpectraMatcher/TEST.spm', 'C:/Users/Giogina/SpectraMatcher/untitled(3).spm'], 'autoSaveInterval': 60, 'shortcuts': {(16, 17, 79): 'Open', (17, 83): 'Save', (16, 17, 83): 'Save as'}}
2024-02-16 01:47:07,014 - root - INFO - Flags received:None
2024-02-16 01:47:17,154 - root - INFO - Started with flags: ['C:/Users/Giogina/SpectraMatcher/main.py', '-new']
2024-02-16 01:47:17,154 - models.settings_manager - INFO - Attempting to read./config/settings.json...
2024-02-16 01:47:17,154 - models.settings_manager - INFO - Settings loaded. {'projectsPath': 'C:/Users/Giogina/SpectraMatcher', 'recentProjects': ['C:/Users/Giogina/SpectraMatcher/Ovalene Test.spm', 'C:/Users/Giogina/SpectraMatcher/test2.spm', 'C:/Users/Giogina/SpectraMatcher/untitled(4).spm', 'C:/Users/Giogina/SpectraMatcher/untitled(2).spm', 'C:/Users/Giogina/SpectraMatcher/TEST.spm', 'C:/Users/Giogina/SpectraMatcher/untitled(3).spm'], 'autoSaveInterval': 60, 'shortcuts': {(16, 17, 79): 'Open', (17, 83): 'Save', (16, 17, 83): 'Save as'}}
2024-02-16 01:47:24,764 - root - INFO - Flags received:None
2024-02-16 01:47:28,684 - root - INFO - Started with flags: ['C:/Users/Giogina/SpectraMatcher/main.py', '-new']
2024-02-16 01:47:28,684 - models.settings_manager - INFO - Attempting to read./config/settings.json...
2024-02-16 01:47:28,684 - models.settings_manager - INFO - Settings loaded. {'projectsPath': 'C:/Users/Giogina/SpectraMatcher', 'recentProjects': ['C:/Users/Giogina/SpectraMatcher/Ovalene Test.spm', 'C:/Users/Giogina/SpectraMatcher/test2.spm', 'C:/Users/Giogina/SpectraMatcher/untitled(4).spm', 'C:/Users/Giogina/SpectraMatcher/untitled(2).spm', 'C:/Users/Giogina/SpectraMatcher/TEST.spm', 'C:/Users/Giogina/SpectraMatcher/untitled(3).spm'], 'autoSaveInterval': 60, 'shortcuts': {(16, 17, 79): 'Open', (17, 83): 'Save', (16, 17, 83): 'Save as'}}
2024-02-16 01:48:53,436 - root - INFO - Started with flags: ['C:/Users/Giogina/SpectraMatcher/main.py', '-new']
2024-02-16 01:48:53,436 - models.settings_manager - INFO - Attempting to read./config/settings.json...
2024-02-16 01:48:53,436 - models.settings_manager - INFO - Settings loaded. {'projectsPath': 'C:/Users/Giogina/SpectraMatcher', 'recentProjects': ['C:/Users/Giogina/SpectraMatcher/Ovalene Test.spm', 'C:/Users/Giogina/SpectraMatcher/test2.spm', 'C:/Users/Giogina/SpectraMatcher/untitled(4).spm', 'C:/Users/Giogina/SpectraMatcher/untitled(2).spm', 'C:/Users/Giogina/SpectraMatcher/TEST.spm', 'C:/Users/Giogina/SpectraMatcher/untitled(3).spm'], 'autoSaveInterval': 60, 'shortcuts': {(16, 17, 79): 'Open', (17, 83): 'Save', (16, 17, 83): 'Save as'}}
2024-02-16 01:49:09,856 - root - INFO - Flags received:None
2024-02-16 01:49:45,116 - root - INFO - Started with flags: ['C:/Users/Giogina/SpectraMatcher/main.py', '-new']
2024-02-16 01:49:45,116 - models.settings_manager - INFO - Attempting to read./config/settings.json...
2024-02-16 01:49:45,116 - models.settings_manager - INFO - Settings loaded. {'projectsPath': 'C:/Users/Giogina/SpectraMatcher', 'recentProjects': ['C:/Users/Giogina/SpectraMatcher/Ovalene Test.spm', 'C:/Users/Giogina/SpectraMatcher/test2.spm', 'C:/Users/Giogina/SpectraMatcher/untitled(4).spm', 'C:/Users/Giogina/SpectraMatcher/untitled(2).spm', 'C:/Users/Giogina/SpectraMatcher/TEST.spm', 'C:/Users/Giogina/SpectraMatcher/untitled(3).spm'], 'autoSaveInterval': 60, 'shortcuts': {(16, 17, 79): 'Open', (17, 83): 'Save', (16, 17, 83): 'Save as'}}
2024-02-16 01:50:40,518 - root - INFO - Started with flags: ['C:/Users/Giogina/SpectraMatcher/main.py', '-new']
2024-02-16 01:50:40,518 - models.settings_manager - INFO - Attempting to read./config/settings.json...
2024-02-16 01:50:40,518 - models.settings_manager - INFO - Settings loaded. {'projectsPath': 'C:/Users/Giogina/SpectraMatcher', 'recentProjects': ['C:/Users/Giogina/SpectraMatcher/Ovalene Test.spm', 'C:/Users/Giogina/SpectraMatcher/test2.spm', 'C:/Users/Giogina/SpectraMatcher/untitled(4).spm', 'C:/Users/Giogina/SpectraMatcher/untitled(2).spm', 'C:/Users/Giogina/SpectraMatcher/TEST.spm', 'C:/Users/Giogina/SpectraMatcher/untitled(3).spm'], 'autoSaveInterval': 60, 'shortcuts': {(16, 17, 79): 'Open', (17, 83): 'Save', (16, 17, 83): 'Save as'}}
2024-02-16 01:52:23,718 - root - INFO - Started with flags: ['C:/Users/Giogina/SpectraMatcher/main.py', '-new']
2024-02-16 01:52:23,718 - models.settings_manager - INFO - Attempting to read./config/settings.json...
2024-02-16 01:52:23,718 - models.settings_manager - INFO - Settings loaded. {'projectsPath': 'C:/Users/Giogina/SpectraMatcher', 'recentProjects': ['C:/Users/Giogina/SpectraMatcher/Ovalene Test.spm', 'C:/Users/Giogina/SpectraMatcher/test2.spm', 'C:/Users/Giogina/SpectraMatcher/untitled(4).spm', 'C:/Users/Giogina/SpectraMatcher/untitled(2).spm', 'C:/Users/Giogina/SpectraMatcher/TEST.spm', 'C:/Users/Giogina/SpectraMatcher/untitled(3).spm'], 'autoSaveInterval': 60, 'shortcuts': {(16, 17, 79): 'Open', (17, 83): 'Save', (16, 17, 83): 'Save as'}}
2024-02-16 01:52:42,879 - root - INFO - Flags received:None
2024-02-16 01:53:04,948 - root - INFO - Started with flags: ['C:/Users/Giogina/SpectraMatcher/main.py', '-new']
2024-02-16 01:53:04,948 - models.settings_manager - INFO - Attempting to read./config/settings.json...
2024-02-16 01:53:04,948 - models.settings_manager - INFO - Settings loaded. {'projectsPath': 'C:/Users/Giogina/SpectraMatcher', 'recentProjects': ['C:/Users/Giogina/SpectraMatcher/Ovalene Test.spm', 'C:/Users/Giogina/SpectraMatcher/test2.spm', 'C:/Users/Giogina/SpectraMatcher/untitled(4).spm', 'C:/Users/Giogina/SpectraMatcher/untitled(2).spm', 'C:/Users/Giogina/SpectraMatcher/TEST.spm', 'C:/Users/Giogina/SpectraMatcher/untitled(3).spm'], 'autoSaveInterval': 60, 'shortcuts': {(16, 17, 79): 'Open', (17, 83): 'Save', (16, 17, 83): 'Save as'}}
2024-02-16 01:53:11,184 - root - INFO - Flags received:None
2024-02-16 01:54:11,937 - root - INFO - Started with flags: ['C:/Users/Giogina/SpectraMatcher/main.py', '-new']
2024-02-16 01:54:11,937 - models.settings_manager - INFO - Attempting to read./config/settings.json...
2024-02-16 01:54:11,937 - models.settings_manager - INFO - Settings loaded. {'projectsPath': 'C:/Users/Giogina/SpectraMatcher', 'recentProjects': ['C:/Users/Giogina/SpectraMatcher/Ovalene Test.spm', 'C:/Users/Giogina/SpectraMatcher/test2.spm', 'C:/Users/Giogina/SpectraMatcher/untitled(4).spm', 'C:/Users/Giogina/SpectraMatcher/untitled(2).spm', 'C:/Users/Giogina/SpectraMatcher/TEST.spm', 'C:/Users/Giogina/SpectraMatcher/untitled(3).spm'], 'autoSaveInterval': 60, 'shortcuts': {(16, 17, 79): 'Open', (17, 83): 'Save', (16, 17, 83): 'Save as'}}
2024-02-16 01:55:19,658 - root - INFO - Started with flags: ['C:/Users/Giogina/SpectraMatcher/main.py', '-new']
2024-02-16 01:55:19,658 - models.settings_manager - INFO - Attempting to read./config/settings.json...
2024-02-16 01:55:19,658 - models.settings_manager - INFO - Settings loaded. {'projectsPath': 'C:/Users/Giogina/SpectraMatcher', 'recentProjects': ['C:/Users/Giogina/SpectraMatcher/Ovalene Test.spm', 'C:/Users/Giogina/SpectraMatcher/test2.spm', 'C:/Users/Giogina/SpectraMatcher/untitled(4).spm', 'C:/Users/Giogina/SpectraMatcher/untitled(2).spm', 'C:/Users/Giogina/SpectraMatcher/TEST.spm', 'C:/Users/Giogina/SpectraMatcher/untitled(3).spm'], 'autoSaveInterval': 60, 'shortcuts': {(16, 17, 79): 'Open', (17, 83): 'Save', (16, 17, 83): 'Save as'}}
2024-02-16 01:56:12,418 - root - INFO - Started with flags: ['C:/Users/Giogina/SpectraMatcher/main.py', '-new']
2024-02-16 01:56:12,418 - models.settings_manager - INFO - Attempting to read./config/settings.json...
2024-02-16 01:56:12,418 - models.settings_manager - INFO - Settings loaded. {'projectsPath': 'C:/Users/Giogina/SpectraMatcher', 'recentProjects': ['C:/Users/Giogina/SpectraMatcher/Ovalene Test.spm', 'C:/Users/Giogina/SpectraMatcher/test2.spm', 'C:/Users/Giogina/SpectraMatcher/untitled(4).spm', 'C:/Users/Giogina/SpectraMatcher/untitled(2).spm', 'C:/Users/Giogina/SpectraMatcher/TEST.spm', 'C:/Users/Giogina/SpectraMatcher/untitled(3).spm'], 'autoSaveInterval': 60, 'shortcuts': {(16, 17, 79): 'Open', (17, 83): 'Save', (16, 17, 83): 'Save as'}}
2024-02-16 01:56:15,618 - root - INFO - Flags received:None
2024-02-16 01:56:49,258 - root - INFO - Started with flags: ['C:/Users/Giogina/SpectraMatcher/main.py', '-new']
2024-02-16 01:56:49,258 - models.settings_manager - INFO - Attempting to read./config/settings.json...
2024-02-16 01:56:49,258 - models.settings_manager - INFO - Settings loaded. {'projectsPath': 'C:/Users/Giogina/SpectraMatcher', 'recentProjects': ['C:/Users/Giogina/SpectraMatcher/Ovalene Test.spm', 'C:/Users/Giogina/SpectraMatcher/test2.spm', 'C:/Users/Giogina/SpectraMatcher/untitled(4).spm', 'C:/Users/Giogina/SpectraMatcher/untitled(2).spm', 'C:/Users/Giogina/SpectraMatcher/TEST.spm', 'C:/Users/Giogina/SpectraMatcher/untitled(3).spm'], 'autoSaveInterval': 60, 'shortcuts': {(16, 17, 79): 'Open', (17, 83): 'Save', (16, 17, 83): 'Save as'}}
2024-02-16 01:56:52,318 - root - INFO - Flags received:None
2024-02-16 01:56:55,938 - root - INFO - Started with flags: ['C:/Users/Giogina/SpectraMatcher/main.py', '-new']
2024-02-16 01:56:55,938 - models.settings_manager - INFO - Attempting to read./config/settings.json...
2024-02-16 01:56:55,938 - models.settings_manager - INFO - Settings loaded. {'projectsPath': 'C:/Users/Giogina/SpectraMatcher', 'recentProjects': ['C:/Users/Giogina/SpectraMatcher/Ovalene Test.spm', 'C:/Users/Giogina/SpectraMatcher/test2.spm', 'C:/Users/Giogina/SpectraMatcher/untitled(4).spm', 'C:/Users/Giogina/SpectraMatcher/untitled(2).spm', 'C:/Users/Giogina/SpectraMatcher/TEST.spm', 'C:/Users/Giogina/SpectraMatcher/untitled(3).spm'], 'autoSaveInterval': 60, 'shortcuts': {(16, 17, 79): 'Open', (17, 83): 'Save', (16, 17, 83): 'Save as'}}
2024-02-16 01:56:58,338 - root - INFO - Flags received:None
2024-02-16 01:57:13,708 - root - INFO - Started with flags: ['C:/Users/Giogina/SpectraMatcher/main.py', '-new']
2024-02-16 01:57:13,708 - models.settings_manager - INFO - Attempting to read./config/settings.json...
2024-02-16 01:57:13,708 - models.settings_manager - INFO - Settings loaded. {'projectsPath': 'C:/Users/Giogina/SpectraMatcher', 'recentProjects': ['C:/Users/Giogina/SpectraMatcher/Ovalene Test.spm', 'C:/Users/Giogina/SpectraMatcher/test2.spm', 'C:/Users/Giogina/SpectraMatcher/untitled(4).spm', 'C:/Users/Giogina/SpectraMatcher/untitled(2).spm', 'C:/Users/Giogina/SpectraMatcher/TEST.spm', 'C:/Users/Giogina/SpectraMatcher/untitled(3).spm'], 'autoSaveInterval': 60, 'shortcuts': {(16, 17, 79): 'Open', (17, 83): 'Save', (16, 17, 83): 'Save as'}}
2024-02-16 01:57:15,958 - root - INFO - Flags received:None
2024-02-16 01:57:40,680 - root - INFO - Started with flags: ['C:/Users/Giogina/SpectraMatcher/main.py', '-new']
2024-02-16 01:57:40,680 - models.settings_manager - INFO - Attempting to read./config/settings.json...
2024-02-16 01:57:40,680 - models.settings_manager - INFO - Settings loaded. {'projectsPath': 'C:/Users/Giogina/SpectraMatcher', 'recentProjects': ['C:/Users/Giogina/SpectraMatcher/Ovalene Test.spm', 'C:/Users/Giogina/SpectraMatcher/test2.spm', 'C:/Users/Giogina/SpectraMatcher/untitled(4).spm', 'C:/Users/Giogina/SpectraMatcher/untitled(2).spm', 'C:/Users/Giogina/SpectraMatcher/TEST.spm', 'C:/Users/Giogina/SpectraMatcher/untitled(3).spm'], 'autoSaveInterval': 60, 'shortcuts': {(16, 17, 79): 'Open', (17, 83): 'Save', (16, 17, 83): 'Save as'}}
2024-02-16 01:57:45,580 - root - INFO - Flags received:None
2024-02-16 01:58:34,360 - root - INFO - Started with flags: ['C:/Users/Giogina/SpectraMatcher/main.py', '-new']
2024-02-16 01:58:34,360 - models.settings_manager - INFO - Attempting to read./config/settings.json...
2024-02-16 01:58:34,360 - models.settings_manager - INFO - Settings loaded. {'projectsPath': 'C:/Users/Giogina/SpectraMatcher', 'recentProjects': ['C:/Users/Giogina/SpectraMatcher/Ovalene Test.spm', 'C:/Users/Giogina/SpectraMatcher/test2.spm', 'C:/Users/Giogina/SpectraMatcher/untitled(4).spm', 'C:/Users/Giogina/SpectraMatcher/untitled(2).spm', 'C:/Users/Giogina/SpectraMatcher/TEST.spm', 'C:/Users/Giogina/SpectraMatcher/untitled(3).spm'], 'autoSaveInterval': 60, 'shortcuts': {(16, 17, 79): 'Open', (17, 83): 'Save', (16, 17, 83): 'Save as'}}
2024-02-16 01:58:39,910 - root - INFO - Flags received:None
2024-02-16 01:58:50,560 - root - INFO - Started with flags: ['C:/Users/Giogina/SpectraMatcher/main.py', '-new']
2024-02-16 01:58:50,560 - models.settings_manager - INFO - Attempting to read./config/settings.json...
2024-02-16 01:58:50,560 - models.settings_manager - INFO - Settings loaded. {'projectsPath': 'C:/Users/Giogina/SpectraMatcher', 'recentProjects': ['C:/Users/Giogina/SpectraMatcher/Ovalene Test.spm', 'C:/Users/Giogina/SpectraMatcher/test2.spm', 'C:/Users/Giogina/SpectraMatcher/untitled(4).spm', 'C:/Users/Giogina/SpectraMatcher/untitled(2).spm', 'C:/Users/Giogina/SpectraMatcher/TEST.spm', 'C:/Users/Giogina/SpectraMatcher/untitled(3).spm'], 'autoSaveInterval': 60, 'shortcuts': {(16, 17, 79): 'Open', (17, 83): 'Save', (16, 17, 83): 'Save as'}}
2024-02-16 02:00:08,541 - root - INFO - Started with flags: ['C:/Users/Giogina/SpectraMatcher/main.py', '-new']
2024-02-16 02:00:08,541 - models.settings_manager - INFO - Attempting to read./config/settings.json...
2024-02-16 02:00:08,541 - models.settings_manager - INFO - Settings loaded. {'projectsPath': 'C:/Users/Giogina/SpectraMatcher', 'recentProjects': ['C:/Users/Giogina/SpectraMatcher/Ovalene Test.spm', 'C:/Users/Giogina/SpectraMatcher/test2.spm', 'C:/Users/Giogina/SpectraMatcher/untitled(4).spm', 'C:/Users/Giogina/SpectraMatcher/untitled(2).spm', 'C:/Users/Giogina/SpectraMatcher/TEST.spm', 'C:/Users/Giogina/SpectraMatcher/untitled(3).spm'], 'autoSaveInterval': 60, 'shortcuts': {(16, 17, 79): 'Open', (17, 83): 'Save', (16, 17, 83): 'Save as'}}
2024-02-16 02:00:13,951 - models.project - INFO - Save successful.
2024-02-16 02:00:13,971 - root - INFO - Flags received:('-open', 'C:/Users/Giogina/SpectraMatcher/untitled(2).spm')
2024-02-16 02:00:13,971 - root - INFO - Launching: python C:/Users/Giogina/SpectraMatcher/main.py -open "C:/Users/Giogina/SpectraMatcher/untitled(2).spm"
2024-02-16 02:00:14,171 - root - INFO - Started with flags: ['C:/Users/Giogina/SpectraMatcher/main.py', '-open', 'C:/Users/Giogina/SpectraMatcher/untitled(2).spm']
2024-02-16 02:00:22,693 - root - INFO - Started with flags: ['C:/Users/Giogina/SpectraMatcher/main.py', '-open', 'C:\\Users\\Giogina\\SpectraMatcher\\Ovalene Test.spm']
2024-02-16 02:00:22,693 - models.settings_manager - INFO - Attempting to read./config/settings.json...
2024-02-16 02:00:22,693 - models.settings_manager - INFO - Settings loaded. {'projectsPath': 'C:/Users/Giogina/SpectraMatcher', 'recentProjects': ['C:/Users/Giogina/SpectraMatcher/Ovalene Test.spm', 'C:/Users/Giogina/SpectraMatcher/test2.spm', 'C:/Users/Giogina/SpectraMatcher/untitled(4).spm', 'C:/Users/Giogina/SpectraMatcher/untitled(2).spm', 'C:/Users/Giogina/SpectraMatcher/TEST.spm', 'C:/Users/Giogina/SpectraMatcher/untitled(3).spm'], 'autoSaveInterval': 60, 'shortcuts': {(16, 17, 79): 'Open', (17, 83): 'Save', (16, 17, 83): 'Save as'}}
2024-02-16 02:00:23,173 - models.project - INFO - file: C:\Users\Giogina\SpectraMatcher\Ovalene Test.spm, exsits=True
2024-02-16 02:12:32,390 - root - INFO - Started with flags: ['C:/Users/Giogina/SpectraMatcher/main.py', '-open', 'C:\\Users\\Giogina\\SpectraMatcher\\Ovalene Test.spm']
2024-02-16 02:12:32,390 - models.settings_manager - INFO - Attempting to read./config/settings.json...
2024-02-16 02:12:32,390 - models.settings_manager - INFO - Settings loaded. {'projectsPath': 'C:/Users/Giogina/SpectraMatcher', 'recentProjects': ['C:/Users/Giogina/SpectraMatcher/Ovalene Test.spm', 'C:/Users/Giogina/SpectraMatcher/test2.spm', 'C:/Users/Giogina/SpectraMatcher/untitled(4).spm', 'C:/Users/Giogina/SpectraMatcher/untitled(2).spm', 'C:/Users/Giogina/SpectraMatcher/TEST.spm', 'C:/Users/Giogina/SpectraMatcher/untitled(3).spm'], 'autoSaveInterval': 60, 'shortcuts': {(16, 17, 79): 'Open', (17, 83): 'Save', (16, 17, 83): 'Save as'}}
2024-02-16 02:12:32,900 - models.project - INFO - file: C:\Users\Giogina\SpectraMatcher\Ovalene Test.spm, exsits=True
